Data loaded in 50.03 ms
Generation 1 completed in 40.97 ms
Generation 2 completed in 31.29 ms
Generation 3 completed in 31.41 ms
Generation 4 completed in 28.26 ms
Generation 5 completed in 28.04 ms
Generation 6 completed in 27.31 ms
Generation 7 completed in 23.50 ms
Generation 8 completed in 23.89 ms
Generation 9 completed in 25.31 ms
Generation 10 completed in 27.90 ms
Generation 11 completed in 30.98 ms
Generation 12 completed in 27.88 ms
Generation 13 completed in 27.36 ms
Generation 14 completed in 25.93 ms
Generation 15 completed in 24.57 ms
Generation 16 completed in 24.57 ms
Generation 17 completed in 25.02 ms
Generation 18 completed in 26.12 ms
Generation 19 completed in 26.81 ms
Generation 20 completed in 23.99 ms
Generation 21 completed in 31.35 ms
Generation 22 completed in 29.42 ms
Generation 23 completed in 27.60 ms
Generation 24 completed in 27.39 ms
Generation 25 completed in 25.18 ms
Generation 26 completed in 27.49 ms
Generation 27 completed in 24.96 ms
Generation 28 completed in 25.99 ms
Generation 29 completed in 23.58 ms
Generation 30 completed in 25.35 ms
Generation 31 completed in 29.61 ms
Generation 32 completed in 28.27 ms
Generation 33 completed in 28.85 ms
Generation 34 completed in 25.88 ms
Generation 35 completed in 25.77 ms
Generation 36 completed in 24.28 ms
Generation 37 completed in 24.87 ms
Generation 38 completed in 24.77 ms
Generation 39 completed in 24.22 ms
Generation 40 completed in 23.93 ms
Generation 41 completed in 27.21 ms
Generation 42 completed in 28.32 ms
Generation 43 completed in 26.58 ms
Generation 44 completed in 24.49 ms
Generation 45 completed in 24.76 ms
Generation 46 completed in 24.53 ms
Generation 47 completed in 23.69 ms
Generation 48 completed in 24.46 ms
Generation 49 completed in 25.07 ms
Generation 50 completed in 24.82 ms
Using 32 total threads in subpopulation granularity
Of which 1 blocks containing 32 threads each
Starting the GA
Starting Mutation_3
Starting Mutation_3
Starting Mutation_3
Starting Mutation_3
Starting Mutation_3
Starting Mutation_3
Starting Mutation_3
Starting Mutation_3
Starting Mutation_3
Starting Mutation_3
Starting Mutation_3
Starting Mutation_3
Starting Mutation_3
Starting Mutation_3
Starting Mutation_3
Starting Mutation_3
Starting Mutation_3
Starting Mutation_3
Starting Mutation_3
Starting Mutation_3
Starting Mutation_3
Starting Mutation_3
Starting Mutation_3
Starting Mutation_3
Starting Mutation_3
Starting Mutation_3
Starting Mutation_3
Starting Mutation_3
Starting Mutation_3
Starting Mutation_3
Starting Mutation_3
Starting Mutation_3
Starting Mutation_3
Starting Mutation_3
Starting Mutation_3
Starting Mutation_3
Starting Mutation_3
Starting Mutation_3
Starting Mutation_3
Starting Mutation_3
Starting Mutation_3
Starting Mutation_3
Starting Mutation_3
Starting Mutation_3
Starting Mutation_3
Starting Mutation_3
Starting Mutation_3
Starting Mutation_3
Starting Mutation_3
Starting Mutation_3
Best chromosome: 29 17 10 2 33 28 15 0 40 43 8 7 21 37 6 27 18 26 16 5 32 30 1 3 9 44 4 22 12 46 11 39 45 35 19 20 24 23 34 31 38 41 25 47 13 42 36 14 
Best distance: 78545.759566

Execution completed in 1392.80 ms
