Data loaded in 276.54 ms
Generation 1 completed in 130.76 ms
Generation 2 completed in 109.13 ms
Generation 3 completed in 101.45 ms
Generation 4 completed in 96.53 ms
Generation 5 completed in 95.50 ms
Generation 6 completed in 93.84 ms
Generation 7 completed in 95.26 ms
Generation 8 completed in 95.78 ms
Generation 9 completed in 97.06 ms
Generation 10 completed in 100.16 ms
Generation 11 completed in 109.85 ms
Generation 12 completed in 102.99 ms
Generation 13 completed in 97.50 ms
Generation 14 completed in 93.06 ms
Generation 15 completed in 94.95 ms
Generation 16 completed in 92.98 ms
Generation 17 completed in 93.67 ms
Generation 18 completed in 94.89 ms
Generation 19 completed in 93.83 ms
Generation 20 completed in 96.36 ms
Generation 21 completed in 106.86 ms
Generation 22 completed in 101.21 ms
Generation 23 completed in 98.85 ms
Generation 24 completed in 95.27 ms
Generation 25 completed in 94.58 ms
Using 64000 total threads in subpopulation granularity
Of which 1000 blocks containing 64 threads each
Starting the GA
Starting Mutation_3
Starting Mutation_3
Starting Mutation_3
Starting Mutation_3
Starting Mutation_3
Starting Mutation_3
Starting Mutation_3
Starting Mutation_3
Starting Mutation_3
Starting Mutation_3
Starting Mutation_3
Starting Mutation_3
Starting Mutation_3
Starting Mutation_3
Starting Mutation_3
Starting Mutation_3
Starting Mutation_3
Starting Mutation_3
Starting Mutation_3
Starting Mutation_3
Starting Mutation_3
Starting Mutation_3
Starting Mutation_3
Starting Mutation_3
Starting Mutation_3
Best chromosome: 41 25 24 33 40 46 39 2 15 14 30 32 19 35 6 5 27 43 0 7 37 21 10 31 38 8 45 42 17 11 22 13 47 36 29 18 16 26 12 20 23 9 34 44 4 28 1 3 
Best distance: 71275.519424

Execution completed in 2958.12 ms
