Data loaded in 105.63 ms
Generation 1 completed in 55.73 ms
Generation 2 completed in 53.05 ms
Generation 3 completed in 50.66 ms
Generation 4 completed in 50.48 ms
Generation 5 completed in 46.84 ms
Generation 6 completed in 46.46 ms
Generation 7 completed in 45.91 ms
Generation 8 completed in 44.93 ms
Generation 9 completed in 44.59 ms
Generation 10 completed in 45.44 ms
Generation 11 completed in 47.43 ms
Generation 12 completed in 47.12 ms
Generation 13 completed in 47.12 ms
Generation 14 completed in 45.52 ms
Generation 15 completed in 44.99 ms
Generation 16 completed in 45.55 ms
Generation 17 completed in 44.60 ms
Generation 18 completed in 44.30 ms
Generation 19 completed in 44.84 ms
Generation 20 completed in 44.35 ms
Generation 21 completed in 48.33 ms
Generation 22 completed in 46.88 ms
Generation 23 completed in 45.71 ms
Generation 24 completed in 46.35 ms
Generation 25 completed in 44.92 ms
Generation 26 completed in 44.66 ms
Generation 27 completed in 44.67 ms
Generation 28 completed in 44.62 ms
Generation 29 completed in 45.28 ms
Generation 30 completed in 44.71 ms
Generation 31 completed in 48.05 ms
Generation 32 completed in 47.56 ms
Generation 33 completed in 47.22 ms
Generation 34 completed in 46.33 ms
Generation 35 completed in 46.78 ms
Generation 36 completed in 44.68 ms
Generation 37 completed in 44.77 ms
Generation 38 completed in 44.90 ms
Generation 39 completed in 44.57 ms
Generation 40 completed in 46.08 ms
Generation 41 completed in 48.53 ms
Generation 42 completed in 46.76 ms
Generation 43 completed in 46.31 ms
Generation 44 completed in 45.27 ms
Generation 45 completed in 45.14 ms
Generation 46 completed in 44.72 ms
Generation 47 completed in 45.62 ms
Generation 48 completed in 45.66 ms
Generation 49 completed in 44.98 ms
Generation 50 completed in 45.55 ms
Using 16384 total threads in subpopulation granularity
Of which 512 blocks containing 32 threads each
Starting the GA
Starting Mutation_3
Starting Mutation_3
Starting Mutation_3
Starting Mutation_3
Starting Mutation_3
Starting Mutation_3
Starting Mutation_3
Starting Mutation_3
Starting Mutation_3
Starting Mutation_3
Starting Mutation_3
Starting Mutation_3
Starting Mutation_3
Starting Mutation_3
Starting Mutation_3
Starting Mutation_3
Starting Mutation_3
Starting Mutation_3
Starting Mutation_3
Starting Mutation_3
Starting Mutation_3
Starting Mutation_3
Starting Mutation_3
Starting Mutation_3
Starting Mutation_3
Starting Mutation_3
Starting Mutation_3
Starting Mutation_3
Starting Mutation_3
Starting Mutation_3
Starting Mutation_3
Starting Mutation_3
Starting Mutation_3
Starting Mutation_3
Starting Mutation_3
Starting Mutation_3
Starting Mutation_3
Starting Mutation_3
Starting Mutation_3
Starting Mutation_3
Starting Mutation_3
Starting Mutation_3
Starting Mutation_3
Starting Mutation_3
Starting Mutation_3
Starting Mutation_3
Starting Mutation_3
Starting Mutation_3
Starting Mutation_3
Starting Mutation_3
Best chromosome: 30 15 39 5 29 42 18 47 32 46 45 43 17 14 11 10 19 20 2 22 38 8 37 33 31 40 35 27 0 7 12 36 13 1 44 6 23 25 24 16 21 9 34 4 3 26 28 41 
Best distance: 130783.250482

Execution completed in 2573.37 ms
