Data loaded in 944.14 ms
Generation 1 completed in 419.40 ms
Generation 2 completed in 353.15 ms
Generation 3 completed in 335.77 ms
Generation 4 completed in 320.43 ms
Generation 5 completed in 315.85 ms
Generation 6 completed in 314.75 ms
Generation 7 completed in 313.86 ms
Generation 8 completed in 314.33 ms
Generation 9 completed in 313.70 ms
Generation 10 completed in 325.67 ms
Generation 11 completed in 355.05 ms
Generation 12 completed in 338.83 ms
Generation 13 completed in 321.22 ms
Generation 14 completed in 312.33 ms
Generation 15 completed in 310.14 ms
Generation 16 completed in 310.99 ms
Generation 17 completed in 310.38 ms
Generation 18 completed in 309.66 ms
Generation 19 completed in 310.16 ms
Generation 20 completed in 322.50 ms
Generation 21 completed in 350.89 ms
Generation 22 completed in 336.96 ms
Generation 23 completed in 321.72 ms
Generation 24 completed in 311.85 ms
Generation 25 completed in 309.80 ms
Using 256000 total threads in subpopulation granularity
Of which 4000 blocks containing 64 threads each
Starting the GA
Starting Mutation_3
Starting Mutation_3
Starting Mutation_3
Starting Mutation_3
Starting Mutation_3
Starting Mutation_3
Starting Mutation_3
Starting Mutation_3
Starting Mutation_3
Starting Mutation_3
Starting Mutation_3
Starting Mutation_3
Starting Mutation_3
Starting Mutation_3
Starting Mutation_3
Starting Mutation_3
Starting Mutation_3
Starting Mutation_3
Starting Mutation_3
Starting Mutation_3
Starting Mutation_3
Starting Mutation_3
Starting Mutation_3
Starting Mutation_3
Starting Mutation_3
Best chromosome: 38 12 15 2 4 28 47 40 24 10 19 32 39 8 14 0 21 37 5 16 18 35 26 42 29 27 6 11 20 17 45 43 22 13 33 46 7 30 36 1 9 44 34 3 25 41 23 31 
Best distance: 68726.359461

Execution completed in 9865.01 ms
