Data loaded in 1950.39 ms
Generation 1 completed in 1050.91 ms
Generation 2 completed in 867.34 ms
Generation 3 completed in 820.20 ms
Generation 4 completed in 774.76 ms
Generation 5 completed in 763.87 ms
Generation 6 completed in 758.21 ms
Generation 7 completed in 756.57 ms
Generation 8 completed in 754.82 ms
Generation 9 completed in 756.75 ms
Generation 10 completed in 772.09 ms
Generation 11 completed in 874.71 ms
Generation 12 completed in 826.28 ms
Generation 13 completed in 779.13 ms
Generation 14 completed in 753.86 ms
Generation 15 completed in 748.29 ms
Generation 16 completed in 745.83 ms
Generation 17 completed in 745.25 ms
Generation 18 completed in 747.01 ms
Generation 19 completed in 747.25 ms
Generation 20 completed in 762.96 ms
Generation 21 completed in 865.05 ms
Generation 22 completed in 820.51 ms
Generation 23 completed in 775.68 ms
Generation 24 completed in 748.04 ms
Generation 25 completed in 742.10 ms
Using 512000 total threads in subpopulation granularity
Of which 16000 blocks containing 32 threads each
Starting the GA
Starting Mutation_3
Starting Mutation_3
Starting Mutation_3
Starting Mutation_3
Starting Mutation_3
Starting Mutation_3
Starting Mutation_3
Starting Mutation_3
Starting Mutation_3
Starting Mutation_3
Starting Mutation_3
Starting Mutation_3
Starting Mutation_3
Starting Mutation_3
Starting Mutation_3
Starting Mutation_3
Starting Mutation_3
Starting Mutation_3
Starting Mutation_3
Starting Mutation_3
Starting Mutation_3
Starting Mutation_3
Starting Mutation_3
Starting Mutation_3
Starting Mutation_3
Best chromosome: 2 13 33 22 14 11 39 21 17 9 34 37 8 27 5 36 29 31 38 24 47 41 3 28 23 25 45 10 16 43 18 0 35 15 1 44 7 12 20 42 26 46 4 19 30 6 32 40 
Best distance: 108989.055762

Execution completed in 23110.86 ms
