Data loaded in 1175.97 ms
Generation 1 completed in 13.55 ms
Generation 2 completed in 11.94 ms
Generation 3 completed in 11.41 ms
Generation 4 completed in 9.74 ms
Generation 5 completed in 9.78 ms
Generation 6 completed in 10.49 ms
Generation 7 completed in 9.54 ms
Generation 8 completed in 9.30 ms
Generation 9 completed in 9.68 ms
Generation 10 completed in 8.89 ms
Generation 11 completed in 9.68 ms
Generation 12 completed in 9.76 ms
Generation 13 completed in 9.72 ms
Generation 14 completed in 8.48 ms
Generation 15 completed in 8.50 ms
Generation 16 completed in 9.22 ms
Generation 17 completed in 9.47 ms
Generation 18 completed in 8.62 ms
Generation 19 completed in 8.58 ms
Generation 20 completed in 9.48 ms
Generation 21 completed in 10.65 ms
Generation 22 completed in 8.94 ms
Generation 23 completed in 9.87 ms
Generation 24 completed in 8.28 ms
Generation 25 completed in 9.04 ms
Generation 26 completed in 9.19 ms
Generation 27 completed in 8.37 ms
Generation 28 completed in 7.95 ms
Generation 29 completed in 8.26 ms
Generation 30 completed in 8.50 ms
Generation 31 completed in 11.06 ms
Generation 32 completed in 9.37 ms
Generation 33 completed in 8.99 ms
Generation 34 completed in 8.88 ms
Generation 35 completed in 9.47 ms
Generation 36 completed in 8.68 ms
Generation 37 completed in 9.23 ms
Generation 38 completed in 8.27 ms
Generation 39 completed in 8.95 ms
Generation 40 completed in 8.81 ms
Generation 41 completed in 8.81 ms
Generation 42 completed in 9.04 ms
Generation 43 completed in 7.71 ms
Generation 44 completed in 8.91 ms
Generation 45 completed in 8.38 ms
Generation 46 completed in 9.16 ms
Generation 47 completed in 8.24 ms
Generation 48 completed in 7.20 ms
Generation 49 completed in 8.72 ms
Generation 50 completed in 8.58 ms
Using 32 total threads in subpopulation granularity
Of which 1 blocks containing 32 threads each
Starting the GA
Starting Mutation_3
Starting Mutation_3
Starting Mutation_3
Starting Mutation_3
Starting Mutation_3
Starting Mutation_3
Starting Mutation_3
Starting Mutation_3
Starting Mutation_3
Starting Mutation_3
Starting Mutation_3
Starting Mutation_3
Starting Mutation_3
Starting Mutation_3
Starting Mutation_3
Starting Mutation_3
Starting Mutation_3
Starting Mutation_3
Starting Mutation_3
Starting Mutation_3
Starting Mutation_3
Starting Mutation_3
Starting Mutation_3
Starting Mutation_3
Starting Mutation_3
Starting Mutation_3
Starting Mutation_3
Starting Mutation_3
Starting Mutation_3
Starting Mutation_3
Starting Mutation_3
Starting Mutation_3
Starting Mutation_3
Starting Mutation_3
Starting Mutation_3
Starting Mutation_3
Starting Mutation_3
Starting Mutation_3
Starting Mutation_3
Starting Mutation_3
Starting Mutation_3
Starting Mutation_3
Starting Mutation_3
Starting Mutation_3
Starting Mutation_3
Starting Mutation_3
Starting Mutation_3
Starting Mutation_3
Starting Mutation_3
Starting Mutation_3
Best chromosome: 3 23 20 16 11 32 19 43 45 10 22 21 2 0 7 33 24 31 41 28 47 9 13 1 25 38 12 46 14 17 6 35 18 29 36 5 42 27 30 26 37 39 8 40 15 4 44 34 
Best distance: 73399.484468

Execution completed in 1752.64 ms
