Data loaded in 921.56 ms
Generation 1 completed in 420.32 ms
Generation 2 completed in 354.28 ms
Generation 3 completed in 336.73 ms
Generation 4 completed in 319.63 ms
Generation 5 completed in 315.82 ms
Generation 6 completed in 313.86 ms
Generation 7 completed in 313.58 ms
Generation 8 completed in 313.70 ms
Generation 9 completed in 313.37 ms
Generation 10 completed in 327.26 ms
Generation 11 completed in 354.94 ms
Generation 12 completed in 339.39 ms
Generation 13 completed in 321.96 ms
Generation 14 completed in 312.97 ms
Generation 15 completed in 310.77 ms
Generation 16 completed in 310.74 ms
Generation 17 completed in 310.26 ms
Generation 18 completed in 309.63 ms
Generation 19 completed in 309.54 ms
Generation 20 completed in 323.60 ms
Generation 21 completed in 351.18 ms
Generation 22 completed in 334.89 ms
Generation 23 completed in 319.63 ms
Generation 24 completed in 310.56 ms
Generation 25 completed in 309.04 ms
Using 256000 total threads in subpopulation granularity
Of which 4000 blocks containing 64 threads each
Starting the GA
Starting Mutation_3
Starting Mutation_3
Starting Mutation_3
Starting Mutation_3
Starting Mutation_3
Starting Mutation_3
Starting Mutation_3
Starting Mutation_3
Starting Mutation_3
Starting Mutation_3
Starting Mutation_3
Starting Mutation_3
Starting Mutation_3
Starting Mutation_3
Starting Mutation_3
Starting Mutation_3
Starting Mutation_3
Starting Mutation_3
Starting Mutation_3
Starting Mutation_3
Starting Mutation_3
Starting Mutation_3
Starting Mutation_3
Starting Mutation_3
Starting Mutation_3
Best chromosome: 0 8 46 13 47 10 14 22 20 43 18 45 6 42 5 36 28 41 25 9 34 44 31 23 12 37 7 4 38 24 33 2 27 30 11 39 17 35 21 26 3 29 15 19 16 40 32 1 
Best distance: 113196.679881

Execution completed in 9842.64 ms
