Data loaded in 57.58 ms
Generation 1 completed in 42.90 ms
Generation 2 completed in 42.88 ms
Generation 3 completed in 40.46 ms
Generation 4 completed in 40.20 ms
Generation 5 completed in 36.86 ms
Generation 6 completed in 36.27 ms
Generation 7 completed in 35.14 ms
Generation 8 completed in 34.16 ms
Generation 9 completed in 34.91 ms
Generation 10 completed in 33.64 ms
Generation 11 completed in 38.94 ms
Generation 12 completed in 37.44 ms
Generation 13 completed in 36.37 ms
Generation 14 completed in 35.14 ms
Generation 15 completed in 34.53 ms
Generation 16 completed in 35.64 ms
Generation 17 completed in 33.87 ms
Generation 18 completed in 35.19 ms
Generation 19 completed in 34.40 ms
Generation 20 completed in 34.39 ms
Generation 21 completed in 36.77 ms
Generation 22 completed in 35.85 ms
Generation 23 completed in 36.09 ms
Generation 24 completed in 35.35 ms
Generation 25 completed in 33.71 ms
Generation 26 completed in 35.12 ms
Generation 27 completed in 34.02 ms
Generation 28 completed in 35.01 ms
Generation 29 completed in 34.30 ms
Generation 30 completed in 33.93 ms
Generation 31 completed in 35.69 ms
Generation 32 completed in 35.78 ms
Generation 33 completed in 36.05 ms
Generation 34 completed in 35.59 ms
Generation 35 completed in 35.70 ms
Generation 36 completed in 34.63 ms
Generation 37 completed in 35.24 ms
Generation 38 completed in 35.53 ms
Generation 39 completed in 34.09 ms
Generation 40 completed in 35.61 ms
Generation 41 completed in 37.97 ms
Generation 42 completed in 36.51 ms
Generation 43 completed in 36.17 ms
Generation 44 completed in 35.69 ms
Generation 45 completed in 35.85 ms
Generation 46 completed in 35.86 ms
Generation 47 completed in 35.58 ms
Generation 48 completed in 33.84 ms
Generation 49 completed in 33.73 ms
Generation 50 completed in 35.86 ms
Using 2048 total threads in subpopulation granularity
Of which 64 blocks containing 32 threads each
Starting the GA
Starting Mutation_3
Starting Mutation_3
Starting Mutation_3
Starting Mutation_3
Starting Mutation_3
Starting Mutation_3
Starting Mutation_3
Starting Mutation_3
Starting Mutation_3
Starting Mutation_3
Starting Mutation_3
Starting Mutation_3
Starting Mutation_3
Starting Mutation_3
Starting Mutation_3
Starting Mutation_3
Starting Mutation_3
Starting Mutation_3
Starting Mutation_3
Starting Mutation_3
Starting Mutation_3
Starting Mutation_3
Starting Mutation_3
Starting Mutation_3
Starting Mutation_3
Starting Mutation_3
Starting Mutation_3
Starting Mutation_3
Starting Mutation_3
Starting Mutation_3
Starting Mutation_3
Starting Mutation_3
Starting Mutation_3
Starting Mutation_3
Starting Mutation_3
Starting Mutation_3
Starting Mutation_3
Starting Mutation_3
Starting Mutation_3
Starting Mutation_3
Starting Mutation_3
Starting Mutation_3
Starting Mutation_3
Starting Mutation_3
Starting Mutation_3
Starting Mutation_3
Starting Mutation_3
Starting Mutation_3
Starting Mutation_3
Starting Mutation_3
Best chromosome: 35 18 26 42 36 5 27 43 8 39 7 40 33 24 0 37 20 19 32 14 11 21 15 22 28 2 13 44 34 25 3 31 38 12 46 10 45 30 17 29 16 23 47 4 41 9 1 6 
Best distance: 69594.692241

Execution completed in 1864.45 ms
