Data loaded in 49.47 ms
Generation 1 completed in 44.86 ms
Generation 2 completed in 43.29 ms
Generation 3 completed in 39.91 ms
Generation 4 completed in 39.90 ms
Generation 5 completed in 36.90 ms
Generation 6 completed in 37.35 ms
Generation 7 completed in 36.93 ms
Generation 8 completed in 35.90 ms
Generation 9 completed in 34.73 ms
Generation 10 completed in 34.59 ms
Generation 11 completed in 37.68 ms
Generation 12 completed in 36.49 ms
Generation 13 completed in 38.24 ms
Generation 14 completed in 36.11 ms
Generation 15 completed in 36.83 ms
Generation 16 completed in 35.18 ms
Generation 17 completed in 34.00 ms
Generation 18 completed in 36.69 ms
Generation 19 completed in 33.44 ms
Generation 20 completed in 34.22 ms
Generation 21 completed in 37.88 ms
Generation 22 completed in 36.40 ms
Generation 23 completed in 34.70 ms
Generation 24 completed in 35.02 ms
Generation 25 completed in 35.79 ms
Generation 26 completed in 34.35 ms
Generation 27 completed in 35.25 ms
Generation 28 completed in 34.99 ms
Generation 29 completed in 35.02 ms
Generation 30 completed in 35.02 ms
Generation 31 completed in 36.72 ms
Generation 32 completed in 36.42 ms
Generation 33 completed in 36.52 ms
Generation 34 completed in 34.91 ms
Generation 35 completed in 35.68 ms
Generation 36 completed in 34.91 ms
Generation 37 completed in 34.66 ms
Generation 38 completed in 34.43 ms
Generation 39 completed in 35.18 ms
Generation 40 completed in 34.65 ms
Generation 41 completed in 36.06 ms
Generation 42 completed in 35.83 ms
Generation 43 completed in 38.02 ms
Generation 44 completed in 35.35 ms
Generation 45 completed in 36.89 ms
Generation 46 completed in 34.72 ms
Generation 47 completed in 34.70 ms
Generation 48 completed in 34.38 ms
Generation 49 completed in 35.30 ms
Generation 50 completed in 36.96 ms
Using 2048 total threads in subpopulation granularity
Of which 32 blocks containing 64 threads each
Starting the GA
Starting Mutation_3
Starting Mutation_3
Starting Mutation_3
Starting Mutation_3
Starting Mutation_3
Starting Mutation_3
Starting Mutation_3
Starting Mutation_3
Starting Mutation_3
Starting Mutation_3
Starting Mutation_3
Starting Mutation_3
Starting Mutation_3
Starting Mutation_3
Starting Mutation_3
Starting Mutation_3
Starting Mutation_3
Starting Mutation_3
Starting Mutation_3
Starting Mutation_3
Starting Mutation_3
Starting Mutation_3
Starting Mutation_3
Starting Mutation_3
Starting Mutation_3
Starting Mutation_3
Starting Mutation_3
Starting Mutation_3
Starting Mutation_3
Starting Mutation_3
Starting Mutation_3
Starting Mutation_3
Starting Mutation_3
Starting Mutation_3
Starting Mutation_3
Starting Mutation_3
Starting Mutation_3
Starting Mutation_3
Starting Mutation_3
Starting Mutation_3
Starting Mutation_3
Starting Mutation_3
Starting Mutation_3
Starting Mutation_3
Starting Mutation_3
Starting Mutation_3
Starting Mutation_3
Starting Mutation_3
Starting Mutation_3
Starting Mutation_3
Best chromosome: 4 31 8 6 19 32 35 11 22 20 46 13 39 21 14 45 5 18 10 37 0 17 29 26 36 16 42 43 27 30 7 12 38 47 24 28 1 41 23 9 34 44 3 25 40 2 15 33 
Best distance: 66986.620491

Execution completed in 1872.88 ms
