Data loaded in 154.38 ms
Generation 1 completed in 95.88 ms
Generation 2 completed in 78.89 ms
Generation 3 completed in 73.49 ms
Generation 4 completed in 68.56 ms
Generation 5 completed in 66.19 ms
Generation 6 completed in 65.44 ms
Generation 7 completed in 67.15 ms
Generation 8 completed in 66.57 ms
Generation 9 completed in 66.25 ms
Generation 10 completed in 67.80 ms
Generation 11 completed in 78.36 ms
Generation 12 completed in 73.36 ms
Generation 13 completed in 68.75 ms
Generation 14 completed in 66.59 ms
Generation 15 completed in 64.41 ms
Generation 16 completed in 66.28 ms
Generation 17 completed in 64.28 ms
Generation 18 completed in 65.07 ms
Generation 19 completed in 66.70 ms
Generation 20 completed in 67.00 ms
Generation 21 completed in 79.31 ms
Generation 22 completed in 71.54 ms
Generation 23 completed in 68.28 ms
Generation 24 completed in 66.84 ms
Generation 25 completed in 66.12 ms
Generation 26 completed in 65.93 ms
Generation 27 completed in 65.89 ms
Generation 28 completed in 66.00 ms
Generation 29 completed in 66.74 ms
Generation 30 completed in 66.13 ms
Generation 31 completed in 77.99 ms
Generation 32 completed in 72.55 ms
Generation 33 completed in 67.65 ms
Generation 34 completed in 67.89 ms
Generation 35 completed in 66.87 ms
Generation 36 completed in 67.06 ms
Generation 37 completed in 64.43 ms
Generation 38 completed in 65.41 ms
Generation 39 completed in 64.63 ms
Generation 40 completed in 66.11 ms
Generation 41 completed in 76.11 ms
Generation 42 completed in 73.04 ms
Generation 43 completed in 68.14 ms
Generation 44 completed in 65.95 ms
Generation 45 completed in 65.35 ms
Generation 46 completed in 66.81 ms
Generation 47 completed in 64.31 ms
Generation 48 completed in 65.41 ms
Generation 49 completed in 65.82 ms
Generation 50 completed in 66.33 ms
Using 32000 total threads in subpopulation granularity
Of which 1000 blocks containing 32 threads each
Starting the GA
Starting Mutation_3
Starting Mutation_3
Starting Mutation_3
Starting Mutation_3
Starting Mutation_3
Starting Mutation_3
Starting Mutation_3
Starting Mutation_3
Starting Mutation_3
Starting Mutation_3
Starting Mutation_3
Starting Mutation_3
Starting Mutation_3
Starting Mutation_3
Starting Mutation_3
Starting Mutation_3
Starting Mutation_3
Starting Mutation_3
Starting Mutation_3
Starting Mutation_3
Starting Mutation_3
Starting Mutation_3
Starting Mutation_3
Starting Mutation_3
Starting Mutation_3
Starting Mutation_3
Starting Mutation_3
Starting Mutation_3
Starting Mutation_3
Starting Mutation_3
Starting Mutation_3
Starting Mutation_3
Starting Mutation_3
Starting Mutation_3
Starting Mutation_3
Starting Mutation_3
Starting Mutation_3
Starting Mutation_3
Starting Mutation_3
Starting Mutation_3
Starting Mutation_3
Starting Mutation_3
Starting Mutation_3
Starting Mutation_3
Starting Mutation_3
Starting Mutation_3
Starting Mutation_3
Starting Mutation_3
Starting Mutation_3
Starting Mutation_3
Best chromosome: 39 18 11 46 10 13 19 45 35 32 43 30 23 33 12 47 22 2 8 31 14 37 21 26 0 25 1 44 41 15 7 17 20 4 16 36 28 34 3 6 29 5 9 38 42 24 27 40 
Best distance: 130192.782868

Execution completed in 3705.08 ms
