Data loaded in 1947.28 ms
Generation 1 completed in 821.87 ms
Generation 2 completed in 693.92 ms
Generation 3 completed in 659.95 ms
Generation 4 completed in 629.11 ms
Generation 5 completed in 621.63 ms
Generation 6 completed in 618.75 ms
Generation 7 completed in 616.29 ms
Generation 8 completed in 617.59 ms
Generation 9 completed in 617.30 ms
Generation 10 completed in 642.61 ms
Generation 11 completed in 696.43 ms
Generation 12 completed in 664.50 ms
Generation 13 completed in 632.12 ms
Generation 14 completed in 616.22 ms
Generation 15 completed in 609.63 ms
Generation 16 completed in 611.16 ms
Generation 17 completed in 610.85 ms
Generation 18 completed in 609.04 ms
Generation 19 completed in 609.94 ms
Generation 20 completed in 636.01 ms
Generation 21 completed in 687.42 ms
Generation 22 completed in 661.19 ms
Generation 23 completed in 630.53 ms
Generation 24 completed in 611.76 ms
Generation 25 completed in 606.78 ms
Using 512000 total threads in subpopulation granularity
Of which 8000 blocks containing 64 threads each
Starting the GA
Starting Mutation_3
Starting Mutation_3
Starting Mutation_3
Starting Mutation_3
Starting Mutation_3
Starting Mutation_3
Starting Mutation_3
Starting Mutation_3
Starting Mutation_3
Starting Mutation_3
Starting Mutation_3
Starting Mutation_3
Starting Mutation_3
Starting Mutation_3
Starting Mutation_3
Starting Mutation_3
Starting Mutation_3
Starting Mutation_3
Starting Mutation_3
Starting Mutation_3
Starting Mutation_3
Starting Mutation_3
Starting Mutation_3
Starting Mutation_3
Starting Mutation_3
Best chromosome: 47 12 21 22 20 38 33 15 40 7 8 43 36 35 45 0 13 19 28 25 23 11 24 46 14 39 2 29 42 5 32 44 27 26 6 16 31 1 41 17 18 30 9 34 10 3 37 4 
Best distance: 117889.783218

Execution completed in 19493.31 ms
