Data loaded in 101.99 ms
Generation 1 completed in 60.26 ms
Generation 2 completed in 57.25 ms
Generation 3 completed in 54.55 ms
Generation 4 completed in 51.52 ms
Generation 5 completed in 51.48 ms
Generation 6 completed in 49.67 ms
Generation 7 completed in 50.36 ms
Generation 8 completed in 48.73 ms
Generation 9 completed in 49.25 ms
Generation 10 completed in 50.70 ms
Generation 11 completed in 53.02 ms
Generation 12 completed in 51.78 ms
Generation 13 completed in 50.93 ms
Generation 14 completed in 49.53 ms
Generation 15 completed in 49.47 ms
Generation 16 completed in 49.51 ms
Generation 17 completed in 48.34 ms
Generation 18 completed in 49.64 ms
Generation 19 completed in 48.55 ms
Generation 20 completed in 49.79 ms
Generation 21 completed in 52.82 ms
Generation 22 completed in 49.85 ms
Generation 23 completed in 50.17 ms
Generation 24 completed in 50.40 ms
Generation 25 completed in 50.05 ms
Generation 26 completed in 50.11 ms
Generation 27 completed in 48.37 ms
Generation 28 completed in 48.44 ms
Generation 29 completed in 48.38 ms
Generation 30 completed in 49.73 ms
Generation 31 completed in 52.54 ms
Generation 32 completed in 50.42 ms
Generation 33 completed in 51.13 ms
Generation 34 completed in 51.55 ms
Generation 35 completed in 49.27 ms
Generation 36 completed in 49.05 ms
Generation 37 completed in 48.89 ms
Generation 38 completed in 49.55 ms
Generation 39 completed in 48.72 ms
Generation 40 completed in 48.76 ms
Generation 41 completed in 52.32 ms
Generation 42 completed in 51.37 ms
Generation 43 completed in 49.76 ms
Generation 44 completed in 50.30 ms
Generation 45 completed in 49.45 ms
Generation 46 completed in 48.82 ms
Generation 47 completed in 49.36 ms
Generation 48 completed in 48.30 ms
Generation 49 completed in 49.37 ms
Generation 50 completed in 49.66 ms
Using 16384 total threads in subpopulation granularity
Of which 256 blocks containing 64 threads each
Starting the GA
Starting Mutation_3
Starting Mutation_3
Starting Mutation_3
Starting Mutation_3
Starting Mutation_3
Starting Mutation_3
Starting Mutation_3
Starting Mutation_3
Starting Mutation_3
Starting Mutation_3
Starting Mutation_3
Starting Mutation_3
Starting Mutation_3
Starting Mutation_3
Starting Mutation_3
Starting Mutation_3
Starting Mutation_3
Starting Mutation_3
Starting Mutation_3
Starting Mutation_3
Starting Mutation_3
Starting Mutation_3
Starting Mutation_3
Starting Mutation_3
Starting Mutation_3
Starting Mutation_3
Starting Mutation_3
Starting Mutation_3
Starting Mutation_3
Starting Mutation_3
Starting Mutation_3
Starting Mutation_3
Starting Mutation_3
Starting Mutation_3
Starting Mutation_3
Starting Mutation_3
Starting Mutation_3
Starting Mutation_3
Starting Mutation_3
Starting Mutation_3
Starting Mutation_3
Starting Mutation_3
Starting Mutation_3
Starting Mutation_3
Starting Mutation_3
Starting Mutation_3
Starting Mutation_3
Starting Mutation_3
Starting Mutation_3
Starting Mutation_3
Best chromosome: 9 26 16 19 32 11 12 31 41 34 44 23 47 4 38 20 14 45 39 2 15 29 5 18 42 27 6 8 10 30 17 43 35 36 21 24 22 13 28 33 40 0 46 7 37 1 25 3 
Best distance: 74290.301172

Execution completed in 2783.00 ms
