Data loaded in 52.77 ms
Generation 1 completed in 41.27 ms
Generation 2 completed in 35.97 ms
Generation 3 completed in 34.52 ms
Generation 4 completed in 30.28 ms
Generation 5 completed in 32.30 ms
Generation 6 completed in 31.62 ms
Generation 7 completed in 29.98 ms
Generation 8 completed in 30.24 ms
Generation 9 completed in 28.90 ms
Generation 10 completed in 29.10 ms
Generation 11 completed in 34.39 ms
Generation 12 completed in 30.64 ms
Generation 13 completed in 28.67 ms
Generation 14 completed in 28.05 ms
Generation 15 completed in 28.70 ms
Generation 16 completed in 29.34 ms
Generation 17 completed in 31.55 ms
Generation 18 completed in 29.38 ms
Generation 19 completed in 28.52 ms
Generation 20 completed in 29.22 ms
Generation 21 completed in 31.78 ms
Generation 22 completed in 33.88 ms
Generation 23 completed in 29.26 ms
Generation 24 completed in 30.57 ms
Generation 25 completed in 28.14 ms
Generation 26 completed in 30.24 ms
Generation 27 completed in 30.33 ms
Generation 28 completed in 30.87 ms
Generation 29 completed in 28.16 ms
Generation 30 completed in 26.99 ms
Generation 31 completed in 32.87 ms
Generation 32 completed in 31.66 ms
Generation 33 completed in 30.25 ms
Generation 34 completed in 30.25 ms
Generation 35 completed in 29.65 ms
Generation 36 completed in 29.27 ms
Generation 37 completed in 29.05 ms
Generation 38 completed in 29.02 ms
Generation 39 completed in 29.21 ms
Generation 40 completed in 27.92 ms
Generation 41 completed in 31.98 ms
Generation 42 completed in 31.53 ms
Generation 43 completed in 29.54 ms
Generation 44 completed in 28.92 ms
Generation 45 completed in 28.22 ms
Generation 46 completed in 29.46 ms
Generation 47 completed in 29.56 ms
Generation 48 completed in 29.42 ms
Generation 49 completed in 28.73 ms
Generation 50 completed in 28.12 ms
Using 256 total threads in subpopulation granularity
Of which 4 blocks containing 64 threads each
Starting the GA
Starting Mutation_3
Starting Mutation_3
Starting Mutation_3
Starting Mutation_3
Starting Mutation_3
Starting Mutation_3
Starting Mutation_3
Starting Mutation_3
Starting Mutation_3
Starting Mutation_3
Starting Mutation_3
Starting Mutation_3
Starting Mutation_3
Starting Mutation_3
Starting Mutation_3
Starting Mutation_3
Starting Mutation_3
Starting Mutation_3
Starting Mutation_3
Starting Mutation_3
Starting Mutation_3
Starting Mutation_3
Starting Mutation_3
Starting Mutation_3
Starting Mutation_3
Starting Mutation_3
Starting Mutation_3
Starting Mutation_3
Starting Mutation_3
Starting Mutation_3
Starting Mutation_3
Starting Mutation_3
Starting Mutation_3
Starting Mutation_3
Starting Mutation_3
Starting Mutation_3
Starting Mutation_3
Starting Mutation_3
Starting Mutation_3
Starting Mutation_3
Starting Mutation_3
Starting Mutation_3
Starting Mutation_3
Starting Mutation_3
Starting Mutation_3
Starting Mutation_3
Starting Mutation_3
Starting Mutation_3
Starting Mutation_3
Starting Mutation_3
Best chromosome: 46 20 31 4 47 33 40 11 39 7 15 21 37 8 45 17 0 10 19 32 35 27 43 30 29 26 42 18 36 5 6 16 14 22 2 12 41 1 28 24 13 38 25 44 34 3 23 9 
Best distance: 61957.675014

Execution completed in 1579.79 ms
