Data loaded in 482.86 ms
Generation 1 completed in 215.41 ms
Generation 2 completed in 181.93 ms
Generation 3 completed in 174.80 ms
Generation 4 completed in 164.75 ms
Generation 5 completed in 162.36 ms
Generation 6 completed in 161.25 ms
Generation 7 completed in 162.15 ms
Generation 8 completed in 161.85 ms
Generation 9 completed in 161.77 ms
Generation 10 completed in 167.56 ms
Generation 11 completed in 182.84 ms
Generation 12 completed in 174.94 ms
Generation 13 completed in 165.84 ms
Generation 14 completed in 161.50 ms
Generation 15 completed in 160.56 ms
Generation 16 completed in 160.49 ms
Generation 17 completed in 159.55 ms
Generation 18 completed in 159.71 ms
Generation 19 completed in 159.60 ms
Generation 20 completed in 166.90 ms
Generation 21 completed in 181.03 ms
Generation 22 completed in 175.42 ms
Generation 23 completed in 165.16 ms
Generation 24 completed in 159.93 ms
Generation 25 completed in 160.46 ms
Using 128000 total threads in subpopulation granularity
Of which 2000 blocks containing 64 threads each
Starting the GA
Starting Mutation_3
Starting Mutation_3
Starting Mutation_3
Starting Mutation_3
Starting Mutation_3
Starting Mutation_3
Starting Mutation_3
Starting Mutation_3
Starting Mutation_3
Starting Mutation_3
Starting Mutation_3
Starting Mutation_3
Starting Mutation_3
Starting Mutation_3
Starting Mutation_3
Starting Mutation_3
Starting Mutation_3
Starting Mutation_3
Starting Mutation_3
Starting Mutation_3
Starting Mutation_3
Starting Mutation_3
Starting Mutation_3
Starting Mutation_3
Starting Mutation_3
Best chromosome: 4 41 38 23 24 20 17 5 14 0 8 37 19 35 6 45 39 21 15 30 42 11 32 10 2 40 13 12 31 47 34 25 1 28 33 22 27 29 36 16 26 18 43 7 46 9 44 3 
Best distance: 73060.403476

Execution completed in 5075.72 ms
