Data loaded in 99.60 ms
Generation 1 completed in 60.44 ms
Generation 2 completed in 56.45 ms
Generation 3 completed in 54.30 ms
Generation 4 completed in 54.12 ms
Generation 5 completed in 52.40 ms
Generation 6 completed in 50.92 ms
Generation 7 completed in 50.02 ms
Generation 8 completed in 49.40 ms
Generation 9 completed in 48.57 ms
Generation 10 completed in 50.11 ms
Generation 11 completed in 52.38 ms
Generation 12 completed in 51.36 ms
Generation 13 completed in 51.34 ms
Generation 14 completed in 51.09 ms
Generation 15 completed in 49.95 ms
Generation 16 completed in 49.49 ms
Generation 17 completed in 49.56 ms
Generation 18 completed in 48.96 ms
Generation 19 completed in 48.37 ms
Generation 20 completed in 49.31 ms
Generation 21 completed in 51.76 ms
Generation 22 completed in 50.97 ms
Generation 23 completed in 51.02 ms
Generation 24 completed in 49.98 ms
Generation 25 completed in 48.99 ms
Generation 26 completed in 50.73 ms
Generation 27 completed in 48.13 ms
Generation 28 completed in 49.66 ms
Generation 29 completed in 48.55 ms
Generation 30 completed in 49.52 ms
Generation 31 completed in 51.84 ms
Generation 32 completed in 51.12 ms
Generation 33 completed in 50.41 ms
Generation 34 completed in 49.02 ms
Generation 35 completed in 48.65 ms
Generation 36 completed in 48.26 ms
Generation 37 completed in 49.45 ms
Generation 38 completed in 48.46 ms
Generation 39 completed in 48.94 ms
Generation 40 completed in 49.40 ms
Generation 41 completed in 53.09 ms
Generation 42 completed in 50.99 ms
Generation 43 completed in 51.03 ms
Generation 44 completed in 50.38 ms
Generation 45 completed in 48.86 ms
Generation 46 completed in 48.60 ms
Generation 47 completed in 48.42 ms
Generation 48 completed in 50.68 ms
Generation 49 completed in 48.12 ms
Generation 50 completed in 49.47 ms
Using 16384 total threads in subpopulation granularity
Of which 256 blocks containing 64 threads each
Starting the GA
Starting Mutation_3
Starting Mutation_3
Starting Mutation_3
Starting Mutation_3
Starting Mutation_3
Starting Mutation_3
Starting Mutation_3
Starting Mutation_3
Starting Mutation_3
Starting Mutation_3
Starting Mutation_3
Starting Mutation_3
Starting Mutation_3
Starting Mutation_3
Starting Mutation_3
Starting Mutation_3
Starting Mutation_3
Starting Mutation_3
Starting Mutation_3
Starting Mutation_3
Starting Mutation_3
Starting Mutation_3
Starting Mutation_3
Starting Mutation_3
Starting Mutation_3
Starting Mutation_3
Starting Mutation_3
Starting Mutation_3
Starting Mutation_3
Starting Mutation_3
Starting Mutation_3
Starting Mutation_3
Starting Mutation_3
Starting Mutation_3
Starting Mutation_3
Starting Mutation_3
Starting Mutation_3
Starting Mutation_3
Starting Mutation_3
Starting Mutation_3
Starting Mutation_3
Starting Mutation_3
Starting Mutation_3
Starting Mutation_3
Starting Mutation_3
Starting Mutation_3
Starting Mutation_3
Starting Mutation_3
Starting Mutation_3
Starting Mutation_3
Best chromosome: 35 8 14 17 43 32 21 22 33 0 6 40 39 10 13 11 47 30 1 12 15 2 34 36 18 26 24 23 4 31 28 3 38 20 19 42 44 25 9 45 46 29 16 5 27 37 41 7 
Best distance: 121396.904819

Execution completed in 2671.75 ms
