Data loaded in 49.89 ms
Generation 1 completed in 40.95 ms
Generation 2 completed in 34.88 ms
Generation 3 completed in 35.39 ms
Generation 4 completed in 31.62 ms
Generation 5 completed in 30.55 ms
Generation 6 completed in 30.23 ms
Generation 7 completed in 27.32 ms
Generation 8 completed in 29.59 ms
Generation 9 completed in 31.42 ms
Generation 10 completed in 28.54 ms
Generation 11 completed in 35.19 ms
Generation 12 completed in 32.46 ms
Generation 13 completed in 32.46 ms
Generation 14 completed in 29.11 ms
Generation 15 completed in 30.73 ms
Generation 16 completed in 29.76 ms
Generation 17 completed in 27.95 ms
Generation 18 completed in 29.50 ms
Generation 19 completed in 28.28 ms
Generation 20 completed in 29.41 ms
Generation 21 completed in 36.98 ms
Generation 22 completed in 31.41 ms
Generation 23 completed in 28.65 ms
Generation 24 completed in 30.81 ms
Generation 25 completed in 29.67 ms
Generation 26 completed in 29.48 ms
Generation 27 completed in 30.18 ms
Generation 28 completed in 29.10 ms
Generation 29 completed in 27.24 ms
Generation 30 completed in 27.76 ms
Generation 31 completed in 32.16 ms
Generation 32 completed in 31.24 ms
Generation 33 completed in 28.65 ms
Generation 34 completed in 28.89 ms
Generation 35 completed in 28.23 ms
Generation 36 completed in 29.66 ms
Generation 37 completed in 29.67 ms
Generation 38 completed in 27.44 ms
Generation 39 completed in 27.53 ms
Generation 40 completed in 29.20 ms
Generation 41 completed in 33.43 ms
Generation 42 completed in 31.19 ms
Generation 43 completed in 31.13 ms
Generation 44 completed in 27.64 ms
Generation 45 completed in 27.99 ms
Generation 46 completed in 28.74 ms
Generation 47 completed in 28.35 ms
Generation 48 completed in 28.17 ms
Generation 49 completed in 29.35 ms
Generation 50 completed in 28.74 ms
Using 256 total threads in subpopulation granularity
Of which 4 blocks containing 64 threads each
Starting the GA
Starting Mutation_3
Starting Mutation_3
Starting Mutation_3
Starting Mutation_3
Starting Mutation_3
Starting Mutation_3
Starting Mutation_3
Starting Mutation_3
Starting Mutation_3
Starting Mutation_3
Starting Mutation_3
Starting Mutation_3
Starting Mutation_3
Starting Mutation_3
Starting Mutation_3
Starting Mutation_3
Starting Mutation_3
Starting Mutation_3
Starting Mutation_3
Starting Mutation_3
Starting Mutation_3
Starting Mutation_3
Starting Mutation_3
Starting Mutation_3
Starting Mutation_3
Starting Mutation_3
Starting Mutation_3
Starting Mutation_3
Starting Mutation_3
Starting Mutation_3
Starting Mutation_3
Starting Mutation_3
Starting Mutation_3
Starting Mutation_3
Starting Mutation_3
Starting Mutation_3
Starting Mutation_3
Starting Mutation_3
Starting Mutation_3
Starting Mutation_3
Starting Mutation_3
Starting Mutation_3
Starting Mutation_3
Starting Mutation_3
Starting Mutation_3
Starting Mutation_3
Starting Mutation_3
Starting Mutation_3
Starting Mutation_3
Starting Mutation_3
Best chromosome: 34 25 41 13 12 45 0 21 39 30 17 16 36 19 14 6 5 29 26 46 10 43 22 2 40 33 4 28 1 24 32 11 37 8 15 7 35 27 18 42 20 31 47 38 9 23 44 3 
Best distance: 67434.223852

Execution completed in 1682.11 ms
