Data loaded in 478.53 ms
Generation 1 completed in 273.49 ms
Generation 2 completed in 225.21 ms
Generation 3 completed in 212.79 ms
Generation 4 completed in 202.99 ms
Generation 5 completed in 198.49 ms
Generation 6 completed in 197.74 ms
Generation 7 completed in 198.30 ms
Generation 8 completed in 197.19 ms
Generation 9 completed in 197.60 ms
Generation 10 completed in 202.66 ms
Generation 11 completed in 229.92 ms
Generation 12 completed in 217.45 ms
Generation 13 completed in 204.23 ms
Generation 14 completed in 195.81 ms
Generation 15 completed in 195.15 ms
Generation 16 completed in 195.28 ms
Generation 17 completed in 195.10 ms
Generation 18 completed in 194.62 ms
Generation 19 completed in 194.89 ms
Generation 20 completed in 198.86 ms
Generation 21 completed in 225.04 ms
Generation 22 completed in 213.93 ms
Generation 23 completed in 202.14 ms
Generation 24 completed in 194.77 ms
Generation 25 completed in 194.51 ms
Using 128000 total threads in subpopulation granularity
Of which 4000 blocks containing 32 threads each
Starting the GA
Starting Mutation_3
Starting Mutation_3
Starting Mutation_3
Starting Mutation_3
Starting Mutation_3
Starting Mutation_3
Starting Mutation_3
Starting Mutation_3
Starting Mutation_3
Starting Mutation_3
Starting Mutation_3
Starting Mutation_3
Starting Mutation_3
Starting Mutation_3
Starting Mutation_3
Starting Mutation_3
Starting Mutation_3
Starting Mutation_3
Starting Mutation_3
Starting Mutation_3
Starting Mutation_3
Starting Mutation_3
Starting Mutation_3
Starting Mutation_3
Starting Mutation_3
Best chromosome: 35 16 32 19 43 37 45 26 21 12 40 2 22 13 46 10 14 11 20 31 24 42 28 29 36 27 6 30 17 39 8 15 38 4 0 33 47 5 1 9 23 7 18 41 34 44 25 3 
Best distance: 107137.368611

Execution completed in 5998.98 ms
