Data loaded in 904.51 ms
Generation 1 completed in 418.38 ms
Generation 2 completed in 353.18 ms
Generation 3 completed in 337.09 ms
Generation 4 completed in 321.48 ms
Generation 5 completed in 317.52 ms
Generation 6 completed in 315.38 ms
Generation 7 completed in 313.45 ms
Generation 8 completed in 315.00 ms
Generation 9 completed in 313.91 ms
Generation 10 completed in 326.60 ms
Generation 11 completed in 355.59 ms
Generation 12 completed in 339.19 ms
Generation 13 completed in 320.95 ms
Generation 14 completed in 314.18 ms
Generation 15 completed in 312.14 ms
Generation 16 completed in 310.97 ms
Generation 17 completed in 310.85 ms
Generation 18 completed in 311.13 ms
Generation 19 completed in 309.39 ms
Generation 20 completed in 322.65 ms
Generation 21 completed in 349.99 ms
Generation 22 completed in 335.79 ms
Generation 23 completed in 320.34 ms
Generation 24 completed in 311.68 ms
Generation 25 completed in 309.39 ms
Using 256000 total threads in subpopulation granularity
Of which 4000 blocks containing 64 threads each
Starting the GA
Starting Mutation_3
Starting Mutation_3
Starting Mutation_3
Starting Mutation_3
Starting Mutation_3
Starting Mutation_3
Starting Mutation_3
Starting Mutation_3
Starting Mutation_3
Starting Mutation_3
Starting Mutation_3
Starting Mutation_3
Starting Mutation_3
Starting Mutation_3
Starting Mutation_3
Starting Mutation_3
Starting Mutation_3
Starting Mutation_3
Starting Mutation_3
Starting Mutation_3
Starting Mutation_3
Starting Mutation_3
Starting Mutation_3
Starting Mutation_3
Starting Mutation_3
Best chromosome: 39 30 15 21 40 7 32 5 45 12 46 35 29 19 14 11 37 43 36 18 17 20 24 41 22 31 2 8 0 6 26 16 42 27 33 10 13 28 1 9 34 47 4 25 3 44 23 38 
Best distance: 77972.038840

Execution completed in 9945.28 ms
