Data loaded in 1931.81 ms
Generation 1 completed in 1049.82 ms
Generation 2 completed in 866.26 ms
Generation 3 completed in 820.09 ms
Generation 4 completed in 774.20 ms
Generation 5 completed in 762.25 ms
Generation 6 completed in 758.19 ms
Generation 7 completed in 757.25 ms
Generation 8 completed in 755.93 ms
Generation 9 completed in 757.57 ms
Generation 10 completed in 775.40 ms
Generation 11 completed in 876.58 ms
Generation 12 completed in 825.94 ms
Generation 13 completed in 780.08 ms
Generation 14 completed in 752.98 ms
Generation 15 completed in 748.41 ms
Generation 16 completed in 745.88 ms
Generation 17 completed in 745.97 ms
Generation 18 completed in 745.03 ms
Generation 19 completed in 746.55 ms
Generation 20 completed in 763.14 ms
Generation 21 completed in 864.87 ms
Generation 22 completed in 819.99 ms
Generation 23 completed in 775.35 ms
Generation 24 completed in 750.14 ms
Generation 25 completed in 743.78 ms
Using 512000 total threads in subpopulation granularity
Of which 16000 blocks containing 32 threads each
Starting the GA
Starting Mutation_3
Starting Mutation_3
Starting Mutation_3
Starting Mutation_3
Starting Mutation_3
Starting Mutation_3
Starting Mutation_3
Starting Mutation_3
Starting Mutation_3
Starting Mutation_3
Starting Mutation_3
Starting Mutation_3
Starting Mutation_3
Starting Mutation_3
Starting Mutation_3
Starting Mutation_3
Starting Mutation_3
Starting Mutation_3
Starting Mutation_3
Starting Mutation_3
Starting Mutation_3
Starting Mutation_3
Starting Mutation_3
Starting Mutation_3
Starting Mutation_3
Best chromosome: 25 41 4 1 28 33 24 2 12 13 21 22 7 8 39 0 30 37 45 27 18 36 5 26 32 11 19 46 10 14 43 40 15 16 17 6 35 29 42 20 47 31 38 9 34 44 23 3 
Best distance: 60908.167229

Execution completed in 23098.56 ms
