Data loaded in 915.68 ms
Generation 1 completed in 537.90 ms
Generation 2 completed in 443.55 ms
Generation 3 completed in 418.01 ms
Generation 4 completed in 396.06 ms
Generation 5 completed in 389.68 ms
Generation 6 completed in 386.20 ms
Generation 7 completed in 386.42 ms
Generation 8 completed in 385.79 ms
Generation 9 completed in 386.13 ms
Generation 10 completed in 394.03 ms
Generation 11 completed in 450.03 ms
Generation 12 completed in 424.27 ms
Generation 13 completed in 398.71 ms
Generation 14 completed in 384.89 ms
Generation 15 completed in 381.15 ms
Generation 16 completed in 381.99 ms
Generation 17 completed in 380.91 ms
Generation 18 completed in 381.37 ms
Generation 19 completed in 381.40 ms
Generation 20 completed in 389.95 ms
Generation 21 completed in 443.75 ms
Generation 22 completed in 419.84 ms
Generation 23 completed in 395.04 ms
Generation 24 completed in 381.57 ms
Generation 25 completed in 380.25 ms
Using 256000 total threads in subpopulation granularity
Of which 8000 blocks containing 32 threads each
Starting the GA
Starting Mutation_3
Starting Mutation_3
Starting Mutation_3
Starting Mutation_3
Starting Mutation_3
Starting Mutation_3
Starting Mutation_3
Starting Mutation_3
Starting Mutation_3
Starting Mutation_3
Starting Mutation_3
Starting Mutation_3
Starting Mutation_3
Starting Mutation_3
Starting Mutation_3
Starting Mutation_3
Starting Mutation_3
Starting Mutation_3
Starting Mutation_3
Starting Mutation_3
Starting Mutation_3
Starting Mutation_3
Starting Mutation_3
Starting Mutation_3
Starting Mutation_3
Best chromosome: 15 40 2 35 18 16 30 0 7 8 10 12 14 19 37 43 29 26 45 36 5 27 17 42 46 39 21 32 11 6 13 4 38 31 24 47 41 23 44 3 25 34 9 1 28 20 22 33 
Best distance: 66751.304572

Execution completed in 11732.92 ms
