Data loaded in 260.51 ms
Generation 1 completed in 156.87 ms
Generation 2 completed in 127.57 ms
Generation 3 completed in 121.29 ms
Generation 4 completed in 115.18 ms
Generation 5 completed in 113.53 ms
Generation 6 completed in 111.07 ms
Generation 7 completed in 111.82 ms
Generation 8 completed in 111.87 ms
Generation 9 completed in 111.40 ms
Generation 10 completed in 112.98 ms
Generation 11 completed in 129.32 ms
Generation 12 completed in 122.25 ms
Generation 13 completed in 114.86 ms
Generation 14 completed in 109.38 ms
Generation 15 completed in 109.47 ms
Generation 16 completed in 110.36 ms
Generation 17 completed in 109.02 ms
Generation 18 completed in 109.30 ms
Generation 19 completed in 109.11 ms
Generation 20 completed in 111.42 ms
Generation 21 completed in 130.89 ms
Generation 22 completed in 123.22 ms
Generation 23 completed in 113.68 ms
Generation 24 completed in 111.13 ms
Generation 25 completed in 110.07 ms
Using 64000 total threads in subpopulation granularity
Of which 2000 blocks containing 32 threads each
Starting the GA
Starting Mutation_3
Starting Mutation_3
Starting Mutation_3
Starting Mutation_3
Starting Mutation_3
Starting Mutation_3
Starting Mutation_3
Starting Mutation_3
Starting Mutation_3
Starting Mutation_3
Starting Mutation_3
Starting Mutation_3
Starting Mutation_3
Starting Mutation_3
Starting Mutation_3
Starting Mutation_3
Starting Mutation_3
Starting Mutation_3
Starting Mutation_3
Starting Mutation_3
Starting Mutation_3
Starting Mutation_3
Starting Mutation_3
Starting Mutation_3
Starting Mutation_3
Best chromosome: 6 29 37 45 30 18 36 31 46 22 11 10 33 15 8 12 13 41 47 35 17 27 38 20 1 19 7 9 0 14 32 26 43 24 4 28 23 34 44 42 16 2 21 39 3 25 5 40 
Best distance: 115393.947655

Execution completed in 3373.58 ms
