Data loaded in 1966.26 ms
Generation 1 completed in 1049.03 ms
Generation 2 completed in 866.36 ms
Generation 3 completed in 818.99 ms
Generation 4 completed in 773.91 ms
Generation 5 completed in 761.66 ms
Generation 6 completed in 756.35 ms
Generation 7 completed in 756.44 ms
Generation 8 completed in 757.82 ms
Generation 9 completed in 757.39 ms
Generation 10 completed in 774.42 ms
Generation 11 completed in 876.52 ms
Generation 12 completed in 825.53 ms
Generation 13 completed in 779.32 ms
Generation 14 completed in 752.92 ms
Generation 15 completed in 747.76 ms
Generation 16 completed in 746.54 ms
Generation 17 completed in 745.87 ms
Generation 18 completed in 745.49 ms
Generation 19 completed in 746.78 ms
Generation 20 completed in 764.09 ms
Generation 21 completed in 865.36 ms
Generation 22 completed in 820.15 ms
Generation 23 completed in 776.28 ms
Generation 24 completed in 748.70 ms
Generation 25 completed in 743.66 ms
Using 512000 total threads in subpopulation granularity
Of which 16000 blocks containing 32 threads each
Starting the GA
Starting Mutation_3
Starting Mutation_3
Starting Mutation_3
Starting Mutation_3
Starting Mutation_3
Starting Mutation_3
Starting Mutation_3
Starting Mutation_3
Starting Mutation_3
Starting Mutation_3
Starting Mutation_3
Starting Mutation_3
Starting Mutation_3
Starting Mutation_3
Starting Mutation_3
Starting Mutation_3
Starting Mutation_3
Starting Mutation_3
Starting Mutation_3
Starting Mutation_3
Starting Mutation_3
Starting Mutation_3
Starting Mutation_3
Starting Mutation_3
Starting Mutation_3
Best chromosome: 17 38 20 46 32 43 27 19 11 8 21 39 0 2 24 12 10 22 33 35 37 13 40 18 47 25 41 4 23 30 3 28 1 29 42 36 6 7 5 26 15 44 34 31 9 45 16 14 
Best distance: 110544.635232

Execution completed in 23127.25 ms
