Data loaded in 268.17 ms
Generation 1 completed in 160.29 ms
Generation 2 completed in 127.60 ms
Generation 3 completed in 122.20 ms
Generation 4 completed in 114.20 ms
Generation 5 completed in 112.25 ms
Generation 6 completed in 112.97 ms
Generation 7 completed in 111.37 ms
Generation 8 completed in 111.68 ms
Generation 9 completed in 112.54 ms
Generation 10 completed in 113.17 ms
Generation 11 completed in 131.35 ms
Generation 12 completed in 122.60 ms
Generation 13 completed in 115.28 ms
Generation 14 completed in 109.72 ms
Generation 15 completed in 112.01 ms
Generation 16 completed in 111.41 ms
Generation 17 completed in 109.66 ms
Generation 18 completed in 109.62 ms
Generation 19 completed in 109.21 ms
Generation 20 completed in 113.46 ms
Generation 21 completed in 128.92 ms
Generation 22 completed in 121.83 ms
Generation 23 completed in 113.88 ms
Generation 24 completed in 109.26 ms
Generation 25 completed in 109.55 ms
Using 64000 total threads in subpopulation granularity
Of which 2000 blocks containing 32 threads each
Starting the GA
Starting Mutation_3
Starting Mutation_3
Starting Mutation_3
Starting Mutation_3
Starting Mutation_3
Starting Mutation_3
Starting Mutation_3
Starting Mutation_3
Starting Mutation_3
Starting Mutation_3
Starting Mutation_3
Starting Mutation_3
Starting Mutation_3
Starting Mutation_3
Starting Mutation_3
Starting Mutation_3
Starting Mutation_3
Starting Mutation_3
Starting Mutation_3
Starting Mutation_3
Starting Mutation_3
Starting Mutation_3
Starting Mutation_3
Starting Mutation_3
Starting Mutation_3
Best chromosome: 37 5 29 18 30 7 11 19 32 10 15 39 6 27 17 35 16 0 2 8 14 45 43 42 26 36 38 9 47 24 20 12 4 13 40 28 31 23 44 34 25 41 1 3 33 22 46 21 
Best distance: 72582.326990

Execution completed in 3391.90 ms
