Data loaded in 262.87 ms
Generation 1 completed in 129.47 ms
Generation 2 completed in 108.20 ms
Generation 3 completed in 101.34 ms
Generation 4 completed in 97.41 ms
Generation 5 completed in 96.56 ms
Generation 6 completed in 95.48 ms
Generation 7 completed in 93.09 ms
Generation 8 completed in 95.73 ms
Generation 9 completed in 94.07 ms
Generation 10 completed in 98.22 ms
Generation 11 completed in 108.12 ms
Generation 12 completed in 101.67 ms
Generation 13 completed in 96.52 ms
Generation 14 completed in 93.98 ms
Generation 15 completed in 92.64 ms
Generation 16 completed in 95.19 ms
Generation 17 completed in 94.33 ms
Generation 18 completed in 92.45 ms
Generation 19 completed in 93.36 ms
Generation 20 completed in 98.06 ms
Generation 21 completed in 105.79 ms
Generation 22 completed in 104.75 ms
Generation 23 completed in 97.14 ms
Generation 24 completed in 92.60 ms
Generation 25 completed in 92.40 ms
Using 64000 total threads in subpopulation granularity
Of which 1000 blocks containing 64 threads each
Starting the GA
Starting Mutation_3
Starting Mutation_3
Starting Mutation_3
Starting Mutation_3
Starting Mutation_3
Starting Mutation_3
Starting Mutation_3
Starting Mutation_3
Starting Mutation_3
Starting Mutation_3
Starting Mutation_3
Starting Mutation_3
Starting Mutation_3
Starting Mutation_3
Starting Mutation_3
Starting Mutation_3
Starting Mutation_3
Starting Mutation_3
Starting Mutation_3
Starting Mutation_3
Starting Mutation_3
Starting Mutation_3
Starting Mutation_3
Starting Mutation_3
Starting Mutation_3
Best chromosome: 16 7 5 29 42 26 18 30 43 17 36 15 14 11 19 8 27 6 32 22 4 41 23 47 31 24 39 37 0 2 40 33 28 38 9 12 21 10 45 46 20 44 3 34 25 1 13 35 
Best distance: 79640.913756

Execution completed in 2930.81 ms
