Data loaded in 910.16 ms
Generation 1 completed in 539.69 ms
Generation 2 completed in 443.00 ms
Generation 3 completed in 418.95 ms
Generation 4 completed in 397.21 ms
Generation 5 completed in 390.36 ms
Generation 6 completed in 386.91 ms
Generation 7 completed in 387.74 ms
Generation 8 completed in 387.48 ms
Generation 9 completed in 387.70 ms
Generation 10 completed in 394.20 ms
Generation 11 completed in 449.30 ms
Generation 12 completed in 423.24 ms
Generation 13 completed in 399.13 ms
Generation 14 completed in 384.65 ms
Generation 15 completed in 382.54 ms
Generation 16 completed in 380.93 ms
Generation 17 completed in 381.64 ms
Generation 18 completed in 381.76 ms
Generation 19 completed in 380.68 ms
Generation 20 completed in 391.15 ms
Generation 21 completed in 443.24 ms
Generation 22 completed in 420.21 ms
Generation 23 completed in 397.29 ms
Generation 24 completed in 381.88 ms
Generation 25 completed in 379.36 ms
Using 256000 total threads in subpopulation granularity
Of which 8000 blocks containing 32 threads each
Starting the GA
Starting Mutation_3
Starting Mutation_3
Starting Mutation_3
Starting Mutation_3
Starting Mutation_3
Starting Mutation_3
Starting Mutation_3
Starting Mutation_3
Starting Mutation_3
Starting Mutation_3
Starting Mutation_3
Starting Mutation_3
Starting Mutation_3
Starting Mutation_3
Starting Mutation_3
Starting Mutation_3
Starting Mutation_3
Starting Mutation_3
Starting Mutation_3
Starting Mutation_3
Starting Mutation_3
Starting Mutation_3
Starting Mutation_3
Starting Mutation_3
Starting Mutation_3
Best chromosome: 15 5 29 32 31 39 45 7 21 14 19 11 10 12 22 46 16 38 28 8 2 33 4 26 30 27 35 17 24 18 23 9 20 42 47 1 25 0 3 36 41 43 34 40 6 13 37 44 
Best distance: 151193.298913

Execution completed in 11850.10 ms
