Data loaded in 1394.41 ms
Generation 1 completed in 163.90 ms
Generation 2 completed in 130.45 ms
Generation 3 completed in 121.87 ms
Generation 4 completed in 115.04 ms
Generation 5 completed in 113.97 ms
Generation 6 completed in 112.09 ms
Generation 7 completed in 111.23 ms
Generation 8 completed in 111.23 ms
Generation 9 completed in 111.41 ms
Generation 10 completed in 114.99 ms
Generation 11 completed in 130.59 ms
Generation 12 completed in 123.70 ms
Generation 13 completed in 113.34 ms
Generation 14 completed in 111.35 ms
Generation 15 completed in 110.27 ms
Generation 16 completed in 109.57 ms
Generation 17 completed in 110.16 ms
Generation 18 completed in 109.50 ms
Generation 19 completed in 109.14 ms
Generation 20 completed in 112.14 ms
Generation 21 completed in 129.28 ms
Generation 22 completed in 121.22 ms
Generation 23 completed in 114.69 ms
Generation 24 completed in 111.83 ms
Generation 25 completed in 109.71 ms
Using 64000 total threads in subpopulation granularity
Of which 2000 blocks containing 32 threads each
Starting the GA
Starting Mutation_3
Starting Mutation_3
Starting Mutation_3
Starting Mutation_3
Starting Mutation_3
Starting Mutation_3
Starting Mutation_3
Starting Mutation_3
Starting Mutation_3
Starting Mutation_3
Starting Mutation_3
Starting Mutation_3
Starting Mutation_3
Starting Mutation_3
Starting Mutation_3
Starting Mutation_3
Starting Mutation_3
Starting Mutation_3
Starting Mutation_3
Starting Mutation_3
Starting Mutation_3
Starting Mutation_3
Starting Mutation_3
Starting Mutation_3
Starting Mutation_3
Best chromosome: 42 12 13 36 26 6 8 0 15 33 28 1 40 21 2 22 19 43 30 27 5 29 18 32 10 11 17 35 7 37 16 39 20 38 23 34 9 41 44 25 31 47 3 4 24 46 45 14 
Best distance: 75018.520715

Execution completed in 4529.01 ms
