Data loaded in 47.90 ms
Generation 1 completed in 37.35 ms
Generation 2 completed in 33.68 ms
Generation 3 completed in 30.35 ms
Generation 4 completed in 25.98 ms
Generation 5 completed in 25.90 ms
Generation 6 completed in 25.73 ms
Generation 7 completed in 24.59 ms
Generation 8 completed in 27.99 ms
Generation 9 completed in 26.50 ms
Generation 10 completed in 25.35 ms
Generation 11 completed in 28.30 ms
Generation 12 completed in 28.60 ms
Generation 13 completed in 26.21 ms
Generation 14 completed in 24.35 ms
Generation 15 completed in 25.80 ms
Generation 16 completed in 26.40 ms
Generation 17 completed in 27.54 ms
Generation 18 completed in 25.64 ms
Generation 19 completed in 24.61 ms
Generation 20 completed in 25.90 ms
Generation 21 completed in 31.46 ms
Generation 22 completed in 27.91 ms
Generation 23 completed in 26.60 ms
Generation 24 completed in 23.02 ms
Generation 25 completed in 25.45 ms
Generation 26 completed in 24.05 ms
Generation 27 completed in 23.83 ms
Generation 28 completed in 23.98 ms
Generation 29 completed in 26.38 ms
Generation 30 completed in 26.25 ms
Generation 31 completed in 29.34 ms
Generation 32 completed in 27.99 ms
Generation 33 completed in 26.73 ms
Generation 34 completed in 24.50 ms
Generation 35 completed in 27.60 ms
Generation 36 completed in 26.11 ms
Generation 37 completed in 24.75 ms
Generation 38 completed in 24.75 ms
Generation 39 completed in 24.65 ms
Generation 40 completed in 24.32 ms
Generation 41 completed in 30.59 ms
Generation 42 completed in 28.16 ms
Generation 43 completed in 26.10 ms
Generation 44 completed in 26.67 ms
Generation 45 completed in 26.78 ms
Generation 46 completed in 25.03 ms
Generation 47 completed in 25.80 ms
Generation 48 completed in 24.62 ms
Generation 49 completed in 23.21 ms
Generation 50 completed in 24.91 ms
Using 64 total threads in subpopulation granularity
Of which 1 blocks containing 64 threads each
Starting the GA
Starting Mutation_3
Starting Mutation_3
Starting Mutation_3
Starting Mutation_3
Starting Mutation_3
Starting Mutation_3
Starting Mutation_3
Starting Mutation_3
Starting Mutation_3
Starting Mutation_3
Starting Mutation_3
Starting Mutation_3
Starting Mutation_3
Starting Mutation_3
Starting Mutation_3
Starting Mutation_3
Starting Mutation_3
Starting Mutation_3
Starting Mutation_3
Starting Mutation_3
Starting Mutation_3
Starting Mutation_3
Starting Mutation_3
Starting Mutation_3
Starting Mutation_3
Starting Mutation_3
Starting Mutation_3
Starting Mutation_3
Starting Mutation_3
Starting Mutation_3
Starting Mutation_3
Starting Mutation_3
Starting Mutation_3
Starting Mutation_3
Starting Mutation_3
Starting Mutation_3
Starting Mutation_3
Starting Mutation_3
Starting Mutation_3
Starting Mutation_3
Starting Mutation_3
Starting Mutation_3
Starting Mutation_3
Starting Mutation_3
Starting Mutation_3
Starting Mutation_3
Starting Mutation_3
Starting Mutation_3
Starting Mutation_3
Starting Mutation_3
Best chromosome: 15 2 24 12 20 38 22 4 28 25 3 34 9 23 41 1 47 33 40 11 32 8 14 46 35 45 30 27 29 5 6 42 36 21 0 7 19 17 18 26 37 39 10 13 43 16 44 31 
Best distance: 75965.808704

Execution completed in 1385.07 ms
