Data loaded in 926.66 ms
Generation 1 completed in 539.59 ms
Generation 2 completed in 443.45 ms
Generation 3 completed in 417.88 ms
Generation 4 completed in 395.29 ms
Generation 5 completed in 389.37 ms
Generation 6 completed in 385.98 ms
Generation 7 completed in 385.69 ms
Generation 8 completed in 386.82 ms
Generation 9 completed in 386.59 ms
Generation 10 completed in 395.56 ms
Generation 11 completed in 448.63 ms
Generation 12 completed in 424.43 ms
Generation 13 completed in 398.08 ms
Generation 14 completed in 384.57 ms
Generation 15 completed in 382.02 ms
Generation 16 completed in 382.51 ms
Generation 17 completed in 381.38 ms
Generation 18 completed in 381.89 ms
Generation 19 completed in 381.08 ms
Generation 20 completed in 388.91 ms
Generation 21 completed in 442.98 ms
Generation 22 completed in 419.76 ms
Generation 23 completed in 396.22 ms
Generation 24 completed in 381.58 ms
Generation 25 completed in 378.57 ms
Using 256000 total threads in subpopulation granularity
Of which 8000 blocks containing 32 threads each
Starting the GA
Starting Mutation_3
Starting Mutation_3
Starting Mutation_3
Starting Mutation_3
Starting Mutation_3
Starting Mutation_3
Starting Mutation_3
Starting Mutation_3
Starting Mutation_3
Starting Mutation_3
Starting Mutation_3
Starting Mutation_3
Starting Mutation_3
Starting Mutation_3
Starting Mutation_3
Starting Mutation_3
Starting Mutation_3
Starting Mutation_3
Starting Mutation_3
Starting Mutation_3
Starting Mutation_3
Starting Mutation_3
Starting Mutation_3
Starting Mutation_3
Starting Mutation_3
Best chromosome: 15 8 14 11 39 21 0 29 18 37 12 19 45 38 22 2 40 30 6 27 32 10 35 28 47 41 9 25 4 24 1 5 7 20 42 17 36 43 16 3 26 31 34 13 23 44 46 33 
Best distance: 115448.423013

Execution completed in 11747.64 ms
