Data loaded in 499.49 ms
Generation 1 completed in 214.53 ms
Generation 2 completed in 181.68 ms
Generation 3 completed in 173.11 ms
Generation 4 completed in 166.91 ms
Generation 5 completed in 162.93 ms
Generation 6 completed in 162.72 ms
Generation 7 completed in 162.49 ms
Generation 8 completed in 161.91 ms
Generation 9 completed in 162.47 ms
Generation 10 completed in 169.53 ms
Generation 11 completed in 183.79 ms
Generation 12 completed in 174.26 ms
Generation 13 completed in 166.59 ms
Generation 14 completed in 160.50 ms
Generation 15 completed in 161.34 ms
Generation 16 completed in 160.84 ms
Generation 17 completed in 159.65 ms
Generation 18 completed in 158.94 ms
Generation 19 completed in 161.65 ms
Generation 20 completed in 165.19 ms
Generation 21 completed in 182.07 ms
Generation 22 completed in 175.02 ms
Generation 23 completed in 164.86 ms
Generation 24 completed in 160.95 ms
Generation 25 completed in 159.34 ms
Using 128000 total threads in subpopulation granularity
Of which 2000 blocks containing 64 threads each
Starting the GA
Starting Mutation_3
Starting Mutation_3
Starting Mutation_3
Starting Mutation_3
Starting Mutation_3
Starting Mutation_3
Starting Mutation_3
Starting Mutation_3
Starting Mutation_3
Starting Mutation_3
Starting Mutation_3
Starting Mutation_3
Starting Mutation_3
Starting Mutation_3
Starting Mutation_3
Starting Mutation_3
Starting Mutation_3
Starting Mutation_3
Starting Mutation_3
Starting Mutation_3
Starting Mutation_3
Starting Mutation_3
Starting Mutation_3
Starting Mutation_3
Starting Mutation_3
Best chromosome: 42 29 6 45 14 8 24 12 4 13 33 21 0 2 11 39 22 10 32 5 16 35 30 43 17 18 37 7 20 46 31 38 40 15 19 27 36 26 44 9 23 41 34 3 25 28 1 47 
Best distance: 72685.012647

Execution completed in 5098.86 ms
