Data loaded in 1976.56 ms
Generation 1 completed in 823.30 ms
Generation 2 completed in 693.65 ms
Generation 3 completed in 660.26 ms
Generation 4 completed in 630.00 ms
Generation 5 completed in 622.09 ms
Generation 6 completed in 618.97 ms
Generation 7 completed in 618.03 ms
Generation 8 completed in 616.81 ms
Generation 9 completed in 615.85 ms
Generation 10 completed in 641.80 ms
Generation 11 completed in 696.63 ms
Generation 12 completed in 665.69 ms
Generation 13 completed in 631.23 ms
Generation 14 completed in 615.52 ms
Generation 15 completed in 611.30 ms
Generation 16 completed in 607.82 ms
Generation 17 completed in 610.14 ms
Generation 18 completed in 608.76 ms
Generation 19 completed in 608.45 ms
Generation 20 completed in 633.91 ms
Generation 21 completed in 688.77 ms
Generation 22 completed in 660.31 ms
Generation 23 completed in 631.53 ms
Generation 24 completed in 610.55 ms
Generation 25 completed in 606.91 ms
Using 512000 total threads in subpopulation granularity
Of which 8000 blocks containing 64 threads each
Starting the GA
Starting Mutation_3
Starting Mutation_3
Starting Mutation_3
Starting Mutation_3
Starting Mutation_3
Starting Mutation_3
Starting Mutation_3
Starting Mutation_3
Starting Mutation_3
Starting Mutation_3
Starting Mutation_3
Starting Mutation_3
Starting Mutation_3
Starting Mutation_3
Starting Mutation_3
Starting Mutation_3
Starting Mutation_3
Starting Mutation_3
Starting Mutation_3
Starting Mutation_3
Starting Mutation_3
Starting Mutation_3
Starting Mutation_3
Starting Mutation_3
Starting Mutation_3
Best chromosome: 5 36 30 45 6 43 14 35 10 46 11 39 8 22 19 32 0 37 42 21 13 38 4 17 18 29 26 7 27 15 47 41 23 44 34 25 31 33 40 28 9 3 16 2 24 1 20 12 
Best distance: 94179.862290

Execution completed in 19515.40 ms
