Data loaded in 52.92 ms
Generation 1 completed in 37.10 ms
Generation 2 completed in 31.13 ms
Generation 3 completed in 29.40 ms
Generation 4 completed in 29.03 ms
Generation 5 completed in 29.49 ms
Generation 6 completed in 27.57 ms
Generation 7 completed in 28.52 ms
Generation 8 completed in 29.58 ms
Generation 9 completed in 27.69 ms
Generation 10 completed in 26.58 ms
Generation 11 completed in 30.25 ms
Generation 12 completed in 29.59 ms
Generation 13 completed in 26.91 ms
Generation 14 completed in 24.45 ms
Generation 15 completed in 26.00 ms
Generation 16 completed in 27.28 ms
Generation 17 completed in 24.68 ms
Generation 18 completed in 24.51 ms
Generation 19 completed in 25.76 ms
Generation 20 completed in 27.63 ms
Generation 21 completed in 29.51 ms
Generation 22 completed in 27.80 ms
Generation 23 completed in 28.39 ms
Generation 24 completed in 25.65 ms
Generation 25 completed in 26.63 ms
Generation 26 completed in 23.48 ms
Generation 27 completed in 27.21 ms
Generation 28 completed in 23.74 ms
Generation 29 completed in 26.07 ms
Generation 30 completed in 25.62 ms
Generation 31 completed in 29.47 ms
Generation 32 completed in 28.89 ms
Generation 33 completed in 25.46 ms
Generation 34 completed in 25.31 ms
Generation 35 completed in 25.43 ms
Generation 36 completed in 23.98 ms
Generation 37 completed in 24.52 ms
Generation 38 completed in 26.28 ms
Generation 39 completed in 25.98 ms
Generation 40 completed in 24.59 ms
Generation 41 completed in 31.66 ms
Generation 42 completed in 27.94 ms
Generation 43 completed in 27.90 ms
Generation 44 completed in 23.99 ms
Generation 45 completed in 25.06 ms
Generation 46 completed in 24.50 ms
Generation 47 completed in 26.12 ms
Generation 48 completed in 26.29 ms
Generation 49 completed in 25.36 ms
Generation 50 completed in 26.23 ms
Using 64 total threads in subpopulation granularity
Of which 1 blocks containing 64 threads each
Starting the GA
Starting Mutation_3
Starting Mutation_3
Starting Mutation_3
Starting Mutation_3
Starting Mutation_3
Starting Mutation_3
Starting Mutation_3
Starting Mutation_3
Starting Mutation_3
Starting Mutation_3
Starting Mutation_3
Starting Mutation_3
Starting Mutation_3
Starting Mutation_3
Starting Mutation_3
Starting Mutation_3
Starting Mutation_3
Starting Mutation_3
Starting Mutation_3
Starting Mutation_3
Starting Mutation_3
Starting Mutation_3
Starting Mutation_3
Starting Mutation_3
Starting Mutation_3
Starting Mutation_3
Starting Mutation_3
Starting Mutation_3
Starting Mutation_3
Starting Mutation_3
Starting Mutation_3
Starting Mutation_3
Starting Mutation_3
Starting Mutation_3
Starting Mutation_3
Starting Mutation_3
Starting Mutation_3
Starting Mutation_3
Starting Mutation_3
Starting Mutation_3
Starting Mutation_3
Starting Mutation_3
Starting Mutation_3
Starting Mutation_3
Starting Mutation_3
Starting Mutation_3
Starting Mutation_3
Starting Mutation_3
Starting Mutation_3
Starting Mutation_3
Best chromosome: 12 15 21 10 46 20 11 32 45 39 0 8 14 27 26 35 36 16 42 29 18 6 33 38 47 41 44 34 25 3 31 22 37 7 1 13 28 30 43 17 5 2 24 9 23 4 40 19 
Best distance: 76247.976023

Execution completed in 1414.08 ms
