Data loaded in 103.16 ms
Generation 1 completed in 61.31 ms
Generation 2 completed in 57.47 ms
Generation 3 completed in 53.55 ms
Generation 4 completed in 51.57 ms
Generation 5 completed in 50.91 ms
Generation 6 completed in 50.27 ms
Generation 7 completed in 50.37 ms
Generation 8 completed in 48.90 ms
Generation 9 completed in 48.95 ms
Generation 10 completed in 48.90 ms
Generation 11 completed in 52.30 ms
Generation 12 completed in 50.43 ms
Generation 13 completed in 50.27 ms
Generation 14 completed in 50.09 ms
Generation 15 completed in 48.78 ms
Generation 16 completed in 50.17 ms
Generation 17 completed in 48.94 ms
Generation 18 completed in 48.69 ms
Generation 19 completed in 47.60 ms
Generation 20 completed in 49.16 ms
Generation 21 completed in 51.88 ms
Generation 22 completed in 51.32 ms
Generation 23 completed in 50.39 ms
Generation 24 completed in 50.96 ms
Generation 25 completed in 49.70 ms
Generation 26 completed in 49.40 ms
Generation 27 completed in 49.27 ms
Generation 28 completed in 50.04 ms
Generation 29 completed in 49.88 ms
Generation 30 completed in 49.65 ms
Generation 31 completed in 51.89 ms
Generation 32 completed in 51.29 ms
Generation 33 completed in 50.16 ms
Generation 34 completed in 49.47 ms
Generation 35 completed in 50.57 ms
Generation 36 completed in 49.30 ms
Generation 37 completed in 49.00 ms
Generation 38 completed in 48.25 ms
Generation 39 completed in 49.38 ms
Generation 40 completed in 49.82 ms
Generation 41 completed in 52.77 ms
Generation 42 completed in 50.25 ms
Generation 43 completed in 49.53 ms
Generation 44 completed in 50.61 ms
Generation 45 completed in 50.38 ms
Generation 46 completed in 49.70 ms
Generation 47 completed in 49.38 ms
Generation 48 completed in 47.93 ms
Generation 49 completed in 48.53 ms
Generation 50 completed in 49.17 ms
Using 16384 total threads in subpopulation granularity
Of which 256 blocks containing 64 threads each
Starting the GA
Starting Mutation_3
Starting Mutation_3
Starting Mutation_3
Starting Mutation_3
Starting Mutation_3
Starting Mutation_3
Starting Mutation_3
Starting Mutation_3
Starting Mutation_3
Starting Mutation_3
Starting Mutation_3
Starting Mutation_3
Starting Mutation_3
Starting Mutation_3
Starting Mutation_3
Starting Mutation_3
Starting Mutation_3
Starting Mutation_3
Starting Mutation_3
Starting Mutation_3
Starting Mutation_3
Starting Mutation_3
Starting Mutation_3
Starting Mutation_3
Starting Mutation_3
Starting Mutation_3
Starting Mutation_3
Starting Mutation_3
Starting Mutation_3
Starting Mutation_3
Starting Mutation_3
Starting Mutation_3
Starting Mutation_3
Starting Mutation_3
Starting Mutation_3
Starting Mutation_3
Starting Mutation_3
Starting Mutation_3
Starting Mutation_3
Starting Mutation_3
Starting Mutation_3
Starting Mutation_3
Starting Mutation_3
Starting Mutation_3
Starting Mutation_3
Starting Mutation_3
Starting Mutation_3
Starting Mutation_3
Starting Mutation_3
Starting Mutation_3
Best chromosome: 2 46 19 11 22 21 7 0 8 10 12 13 33 24 15 14 45 43 5 18 27 35 30 32 42 36 6 16 17 29 26 37 39 40 1 41 4 28 25 3 44 34 9 23 47 31 20 38 
Best distance: 58926.181103

Execution completed in 2670.37 ms
