Data loaded in 165.78 ms
Generation 1 completed in 99.57 ms
Generation 2 completed in 80.38 ms
Generation 3 completed in 71.83 ms
Generation 4 completed in 69.24 ms
Generation 5 completed in 66.59 ms
Generation 6 completed in 66.21 ms
Generation 7 completed in 66.42 ms
Generation 8 completed in 66.27 ms
Generation 9 completed in 67.33 ms
Generation 10 completed in 68.38 ms
Generation 11 completed in 77.64 ms
Generation 12 completed in 75.19 ms
Generation 13 completed in 68.34 ms
Generation 14 completed in 65.85 ms
Generation 15 completed in 66.79 ms
Generation 16 completed in 66.36 ms
Generation 17 completed in 65.60 ms
Generation 18 completed in 66.02 ms
Generation 19 completed in 65.83 ms
Generation 20 completed in 66.19 ms
Generation 21 completed in 79.37 ms
Generation 22 completed in 73.81 ms
Generation 23 completed in 68.71 ms
Generation 24 completed in 65.50 ms
Generation 25 completed in 64.68 ms
Generation 26 completed in 64.80 ms
Generation 27 completed in 65.25 ms
Generation 28 completed in 64.51 ms
Generation 29 completed in 64.72 ms
Generation 30 completed in 66.75 ms
Generation 31 completed in 76.27 ms
Generation 32 completed in 74.34 ms
Generation 33 completed in 67.59 ms
Generation 34 completed in 64.55 ms
Generation 35 completed in 64.75 ms
Generation 36 completed in 65.17 ms
Generation 37 completed in 64.22 ms
Generation 38 completed in 64.76 ms
Generation 39 completed in 64.55 ms
Generation 40 completed in 67.90 ms
Generation 41 completed in 77.33 ms
Generation 42 completed in 74.40 ms
Generation 43 completed in 67.90 ms
Generation 44 completed in 65.21 ms
Generation 45 completed in 65.87 ms
Generation 46 completed in 63.87 ms
Generation 47 completed in 64.97 ms
Generation 48 completed in 64.24 ms
Generation 49 completed in 65.47 ms
Generation 50 completed in 65.58 ms
Using 32000 total threads in subpopulation granularity
Of which 1000 blocks containing 32 threads each
Starting the GA
Starting Mutation_3
Starting Mutation_3
Starting Mutation_3
Starting Mutation_3
Starting Mutation_3
Starting Mutation_3
Starting Mutation_3
Starting Mutation_3
Starting Mutation_3
Starting Mutation_3
Starting Mutation_3
Starting Mutation_3
Starting Mutation_3
Starting Mutation_3
Starting Mutation_3
Starting Mutation_3
Starting Mutation_3
Starting Mutation_3
Starting Mutation_3
Starting Mutation_3
Starting Mutation_3
Starting Mutation_3
Starting Mutation_3
Starting Mutation_3
Starting Mutation_3
Starting Mutation_3
Starting Mutation_3
Starting Mutation_3
Starting Mutation_3
Starting Mutation_3
Starting Mutation_3
Starting Mutation_3
Starting Mutation_3
Starting Mutation_3
Starting Mutation_3
Starting Mutation_3
Starting Mutation_3
Starting Mutation_3
Starting Mutation_3
Starting Mutation_3
Starting Mutation_3
Starting Mutation_3
Starting Mutation_3
Starting Mutation_3
Starting Mutation_3
Starting Mutation_3
Starting Mutation_3
Starting Mutation_3
Starting Mutation_3
Starting Mutation_3
Best chromosome: 34 31 38 10 14 6 17 5 18 16 30 22 4 47 13 2 46 19 32 33 21 15 8 7 39 45 27 23 25 3 1 28 24 12 37 0 11 35 29 42 36 26 43 40 20 9 41 44 
Best distance: 72914.597115

Execution completed in 3709.73 ms
