Data loaded in 487.32 ms
Generation 1 completed in 215.02 ms
Generation 2 completed in 183.00 ms
Generation 3 completed in 175.64 ms
Generation 4 completed in 165.83 ms
Generation 5 completed in 162.72 ms
Generation 6 completed in 163.63 ms
Generation 7 completed in 163.18 ms
Generation 8 completed in 162.10 ms
Generation 9 completed in 162.61 ms
Generation 10 completed in 169.65 ms
Generation 11 completed in 183.12 ms
Generation 12 completed in 175.26 ms
Generation 13 completed in 167.61 ms
Generation 14 completed in 161.05 ms
Generation 15 completed in 160.68 ms
Generation 16 completed in 159.45 ms
Generation 17 completed in 160.23 ms
Generation 18 completed in 161.06 ms
Generation 19 completed in 160.48 ms
Generation 20 completed in 167.88 ms
Generation 21 completed in 182.70 ms
Generation 22 completed in 173.19 ms
Generation 23 completed in 166.02 ms
Generation 24 completed in 160.33 ms
Generation 25 completed in 159.83 ms
Using 128000 total threads in subpopulation granularity
Of which 2000 blocks containing 64 threads each
Starting the GA
Starting Mutation_3
Starting Mutation_3
Starting Mutation_3
Starting Mutation_3
Starting Mutation_3
Starting Mutation_3
Starting Mutation_3
Starting Mutation_3
Starting Mutation_3
Starting Mutation_3
Starting Mutation_3
Starting Mutation_3
Starting Mutation_3
Starting Mutation_3
Starting Mutation_3
Starting Mutation_3
Starting Mutation_3
Starting Mutation_3
Starting Mutation_3
Starting Mutation_3
Starting Mutation_3
Starting Mutation_3
Starting Mutation_3
Starting Mutation_3
Starting Mutation_3
Best chromosome: 21 33 25 24 38 23 46 31 19 35 29 17 30 8 39 0 37 45 32 6 43 15 13 20 26 4 28 16 11 22 7 34 3 18 9 41 42 5 47 1 44 10 2 12 36 27 40 14 
Best distance: 123601.430587

Execution completed in 5092.39 ms
