Data loaded in 267.14 ms
Generation 1 completed in 161.25 ms
Generation 2 completed in 127.81 ms
Generation 3 completed in 120.04 ms
Generation 4 completed in 114.39 ms
Generation 5 completed in 113.07 ms
Generation 6 completed in 111.53 ms
Generation 7 completed in 112.81 ms
Generation 8 completed in 111.83 ms
Generation 9 completed in 111.30 ms
Generation 10 completed in 113.87 ms
Generation 11 completed in 130.57 ms
Generation 12 completed in 122.63 ms
Generation 13 completed in 115.00 ms
Generation 14 completed in 111.58 ms
Generation 15 completed in 111.00 ms
Generation 16 completed in 109.93 ms
Generation 17 completed in 109.33 ms
Generation 18 completed in 111.65 ms
Generation 19 completed in 110.51 ms
Generation 20 completed in 112.25 ms
Generation 21 completed in 129.63 ms
Generation 22 completed in 121.78 ms
Generation 23 completed in 114.16 ms
Generation 24 completed in 110.37 ms
Generation 25 completed in 108.78 ms
Using 64000 total threads in subpopulation granularity
Of which 2000 blocks containing 32 threads each
Starting the GA
Starting Mutation_3
Starting Mutation_3
Starting Mutation_3
Starting Mutation_3
Starting Mutation_3
Starting Mutation_3
Starting Mutation_3
Starting Mutation_3
Starting Mutation_3
Starting Mutation_3
Starting Mutation_3
Starting Mutation_3
Starting Mutation_3
Starting Mutation_3
Starting Mutation_3
Starting Mutation_3
Starting Mutation_3
Starting Mutation_3
Starting Mutation_3
Starting Mutation_3
Starting Mutation_3
Starting Mutation_3
Starting Mutation_3
Starting Mutation_3
Starting Mutation_3
Best chromosome: 7 22 12 2 13 20 19 10 30 14 11 45 43 35 39 8 32 40 46 0 21 3 29 6 26 27 15 24 37 41 4 47 31 5 42 9 33 38 1 25 18 36 28 23 34 16 44 17 
Best distance: 129346.223666

Execution completed in 3390.58 ms
