Data loaded in 914.41 ms
Generation 1 completed in 418.83 ms
Generation 2 completed in 353.28 ms
Generation 3 completed in 336.22 ms
Generation 4 completed in 320.55 ms
Generation 5 completed in 317.29 ms
Generation 6 completed in 314.86 ms
Generation 7 completed in 313.21 ms
Generation 8 completed in 313.36 ms
Generation 9 completed in 314.52 ms
Generation 10 completed in 326.48 ms
Generation 11 completed in 355.28 ms
Generation 12 completed in 338.65 ms
Generation 13 completed in 321.18 ms
Generation 14 completed in 311.57 ms
Generation 15 completed in 310.89 ms
Generation 16 completed in 309.87 ms
Generation 17 completed in 310.01 ms
Generation 18 completed in 310.26 ms
Generation 19 completed in 311.08 ms
Generation 20 completed in 322.09 ms
Generation 21 completed in 351.47 ms
Generation 22 completed in 335.81 ms
Generation 23 completed in 320.94 ms
Generation 24 completed in 310.74 ms
Generation 25 completed in 308.73 ms
Using 256000 total threads in subpopulation granularity
Of which 4000 blocks containing 64 threads each
Starting the GA
Starting Mutation_3
Starting Mutation_3
Starting Mutation_3
Starting Mutation_3
Starting Mutation_3
Starting Mutation_3
Starting Mutation_3
Starting Mutation_3
Starting Mutation_3
Starting Mutation_3
Starting Mutation_3
Starting Mutation_3
Starting Mutation_3
Starting Mutation_3
Starting Mutation_3
Starting Mutation_3
Starting Mutation_3
Starting Mutation_3
Starting Mutation_3
Starting Mutation_3
Starting Mutation_3
Starting Mutation_3
Starting Mutation_3
Starting Mutation_3
Starting Mutation_3
Best chromosome: 23 31 46 20 33 2 22 11 32 6 45 8 21 19 13 38 9 25 3 34 44 41 1 40 39 14 27 29 42 26 16 15 0 17 18 35 5 36 43 30 37 7 10 24 4 28 47 12 
Best distance: 65374.849785

Execution completed in 9830.60 ms
