Data loaded in 935.41 ms
Generation 1 completed in 538.33 ms
Generation 2 completed in 443.60 ms
Generation 3 completed in 420.65 ms
Generation 4 completed in 397.09 ms
Generation 5 completed in 390.14 ms
Generation 6 completed in 387.44 ms
Generation 7 completed in 387.42 ms
Generation 8 completed in 388.19 ms
Generation 9 completed in 388.43 ms
Generation 10 completed in 395.83 ms
Generation 11 completed in 449.37 ms
Generation 12 completed in 423.78 ms
Generation 13 completed in 399.01 ms
Generation 14 completed in 384.89 ms
Generation 15 completed in 382.45 ms
Generation 16 completed in 381.29 ms
Generation 17 completed in 382.08 ms
Generation 18 completed in 381.16 ms
Generation 19 completed in 380.73 ms
Generation 20 completed in 389.57 ms
Generation 21 completed in 443.16 ms
Generation 22 completed in 419.89 ms
Generation 23 completed in 396.66 ms
Generation 24 completed in 381.90 ms
Generation 25 completed in 380.51 ms
Using 256000 total threads in subpopulation granularity
Of which 8000 blocks containing 32 threads each
Starting the GA
Starting Mutation_3
Starting Mutation_3
Starting Mutation_3
Starting Mutation_3
Starting Mutation_3
Starting Mutation_3
Starting Mutation_3
Starting Mutation_3
Starting Mutation_3
Starting Mutation_3
Starting Mutation_3
Starting Mutation_3
Starting Mutation_3
Starting Mutation_3
Starting Mutation_3
Starting Mutation_3
Starting Mutation_3
Starting Mutation_3
Starting Mutation_3
Starting Mutation_3
Starting Mutation_3
Starting Mutation_3
Starting Mutation_3
Starting Mutation_3
Starting Mutation_3
Best chromosome: 27 7 2 24 10 46 20 12 31 32 8 0 14 11 37 35 6 43 26 18 36 29 22 33 40 13 41 4 47 38 39 15 45 17 30 19 23 44 9 34 3 25 1 28 21 42 5 16 
Best distance: 69228.789132

Execution completed in 11770.48 ms
