Data loaded in 1946.49 ms
Generation 1 completed in 823.62 ms
Generation 2 completed in 694.24 ms
Generation 3 completed in 660.75 ms
Generation 4 completed in 630.98 ms
Generation 5 completed in 622.92 ms
Generation 6 completed in 618.32 ms
Generation 7 completed in 617.01 ms
Generation 8 completed in 618.53 ms
Generation 9 completed in 618.81 ms
Generation 10 completed in 643.65 ms
Generation 11 completed in 696.46 ms
Generation 12 completed in 663.97 ms
Generation 13 completed in 632.20 ms
Generation 14 completed in 614.36 ms
Generation 15 completed in 612.95 ms
Generation 16 completed in 610.35 ms
Generation 17 completed in 610.83 ms
Generation 18 completed in 611.76 ms
Generation 19 completed in 610.37 ms
Generation 20 completed in 635.86 ms
Generation 21 completed in 688.51 ms
Generation 22 completed in 662.19 ms
Generation 23 completed in 630.47 ms
Generation 24 completed in 612.25 ms
Generation 25 completed in 607.16 ms
Using 512000 total threads in subpopulation granularity
Of which 8000 blocks containing 64 threads each
Starting the GA
Starting Mutation_3
Starting Mutation_3
Starting Mutation_3
Starting Mutation_3
Starting Mutation_3
Starting Mutation_3
Starting Mutation_3
Starting Mutation_3
Starting Mutation_3
Starting Mutation_3
Starting Mutation_3
Starting Mutation_3
Starting Mutation_3
Starting Mutation_3
Starting Mutation_3
Starting Mutation_3
Starting Mutation_3
Starting Mutation_3
Starting Mutation_3
Starting Mutation_3
Starting Mutation_3
Starting Mutation_3
Starting Mutation_3
Starting Mutation_3
Starting Mutation_3
Best chromosome: 44 23 47 40 28 1 33 15 39 14 10 22 32 11 5 29 42 36 27 26 6 16 17 8 21 7 0 43 37 35 30 45 31 18 19 20 46 13 2 12 24 38 4 9 41 34 25 3 
Best distance: 66698.318182

Execution completed in 19506.80 ms
