Data loaded in 500.87 ms
Generation 1 completed in 214.79 ms
Generation 2 completed in 182.40 ms
Generation 3 completed in 174.22 ms
Generation 4 completed in 165.80 ms
Generation 5 completed in 162.94 ms
Generation 6 completed in 162.36 ms
Generation 7 completed in 161.57 ms
Generation 8 completed in 163.14 ms
Generation 9 completed in 162.17 ms
Generation 10 completed in 169.91 ms
Generation 11 completed in 183.89 ms
Generation 12 completed in 176.21 ms
Generation 13 completed in 167.79 ms
Generation 14 completed in 161.47 ms
Generation 15 completed in 160.31 ms
Generation 16 completed in 160.30 ms
Generation 17 completed in 159.76 ms
Generation 18 completed in 159.73 ms
Generation 19 completed in 161.54 ms
Generation 20 completed in 166.61 ms
Generation 21 completed in 181.55 ms
Generation 22 completed in 174.15 ms
Generation 23 completed in 165.22 ms
Generation 24 completed in 159.71 ms
Generation 25 completed in 159.33 ms
Using 128000 total threads in subpopulation granularity
Of which 2000 blocks containing 64 threads each
Starting the GA
Starting Mutation_3
Starting Mutation_3
Starting Mutation_3
Starting Mutation_3
Starting Mutation_3
Starting Mutation_3
Starting Mutation_3
Starting Mutation_3
Starting Mutation_3
Starting Mutation_3
Starting Mutation_3
Starting Mutation_3
Starting Mutation_3
Starting Mutation_3
Starting Mutation_3
Starting Mutation_3
Starting Mutation_3
Starting Mutation_3
Starting Mutation_3
Starting Mutation_3
Starting Mutation_3
Starting Mutation_3
Starting Mutation_3
Starting Mutation_3
Starting Mutation_3
Best chromosome: 30 32 39 28 33 4 47 46 10 11 22 20 24 13 15 7 0 21 2 38 12 31 34 44 41 9 1 27 35 6 29 42 26 16 36 18 17 43 5 23 25 3 37 8 45 19 14 40 
Best distance: 75365.775507

Execution completed in 5101.54 ms
