Data loaded in 04 ms
Scores calculated
Starting the GA...
Generation 1 completed in 27 ms
Generation 2 completed in 29 ms
Generation 3 completed in 26 ms
Generation 4 completed in 25 ms
Generation 5 completed in 24 ms
Generation 6 completed in 24 ms
Generation 7 completed in 23 ms
Generation 8 completed in 23 ms
Generation 9 completed in 23 ms
Migrating from Island 2033 to 0
Finished migration
Generation 10 completed in 23 ms
Generation 11 completed in 26 ms
Generation 12 completed in 25 ms
Generation 13 completed in 24 ms
Generation 14 completed in 23 ms
Generation 15 completed in 23 ms
Generation 16 completed in 22 ms
Generation 17 completed in 22 ms
Generation 18 completed in 22 ms
Generation 19 completed in 22 ms
Generation 20 completed in 22 ms
Generation 21 completed in 22 ms
Generation 22 completed in 22 ms
Generation 23 completed in 22 ms
Generation 24 completed in 21 ms
Generation 25 completed in 22 ms
Generation 26 completed in 22 ms
Generation 27 completed in 22 ms
Generation 28 completed in 22 ms
Generation 29 completed in 22 ms
Migrating from Island 2033 to 0
Finished migration
Generation 30 completed in 22 ms
Generation 31 completed in 25 ms
Generation 32 completed in 24 ms
Generation 33 completed in 23 ms
Generation 34 completed in 22 ms
Generation 35 completed in 22 ms
Generation 36 completed in 22 ms
Generation 37 completed in 22 ms
Generation 38 completed in 21 ms
Generation 39 completed in 21 ms
Generation 40 completed in 21 ms
Generation 41 completed in 21 ms
Generation 42 completed in 22 ms
Generation 43 completed in 21 ms
Generation 44 completed in 22 ms
Generation 45 completed in 22 ms
Generation 46 completed in 22 ms
Generation 47 completed in 21 ms
Generation 48 completed in 21 ms
Generation 49 completed in 21 ms
Generation 50 completed in 22 ms
Best chromosome: 14 8 11 32 19 24 22 10 13 15 40 28 1 3 25 41 9 34 44 47 38 31 46 20 23 4 33 2 12 39 21 7 0 37 35 29 18 27 17 16 26 42 36 5 6 43 45 30 
Best distance: 52910.002305

Execution completed in 1171 ms
