Data loaded in 479 ms
Scores calculated
Starting the GA...
Generation 1 completed in 3713 ms
Generation 2 completed in 3407 ms
Generation 3 completed in 3134 ms
Generation 4 completed in 2973 ms
Generation 5 completed in 2885 ms
Generation 6 completed in 2835 ms
Generation 7 completed in 2854 ms
Generation 8 completed in 2871 ms
Generation 9 completed in 2862 ms
Generation 10 completed in 2843 ms
Generation 11 completed in 2846 ms
Generation 12 completed in 2838 ms
Generation 13 completed in 2818 ms
Generation 14 completed in 2802 ms
Generation 15 completed in 2799 ms
Generation 16 completed in 2795 ms
Generation 17 completed in 2796 ms
Generation 18 completed in 2779 ms
Generation 19 completed in 2796 ms
Migrating from Island 255985 to 0
Finished migration
Generation 20 completed in 2766 ms
Generation 21 completed in 3200 ms
Generation 22 completed in 2968 ms
Generation 23 completed in 2832 ms
Generation 24 completed in 2807 ms
Generation 25 completed in 2762 ms
Best chromosome: 2 13 20 46 12 24 22 10 11 39 8 0 21 14 32 5 16 42 18 17 43 29 26 27 6 35 45 19 36 30 37 7 15 1 40 33 28 4 47 9 25 34 44 3 41 23 31 38 
Best distance: 52851.607091

Execution completed in 74459 ms
