Data loaded in 123 ms
Scores calculated
Starting the GA...
Generation 1 completed in 936 ms
Generation 2 completed in 855 ms
Generation 3 completed in 792 ms
Generation 4 completed in 756 ms
Generation 5 completed in 716 ms
Generation 6 completed in 715 ms
Generation 7 completed in 707 ms
Generation 8 completed in 693 ms
Generation 9 completed in 692 ms
Migrating from Island 63985 to 0
Finished migration
Generation 10 completed in 683 ms
Generation 11 completed in 769 ms
Generation 12 completed in 730 ms
Generation 13 completed in 692 ms
Generation 14 completed in 675 ms
Generation 15 completed in 672 ms
Generation 16 completed in 665 ms
Generation 17 completed in 662 ms
Generation 18 completed in 662 ms
Generation 19 completed in 659 ms
Migrating from Island 63985 to 0
Finished migration
Generation 20 completed in 666 ms
Generation 21 completed in 758 ms
Generation 22 completed in 712 ms
Generation 23 completed in 682 ms
Generation 24 completed in 678 ms
Generation 25 completed in 663 ms
Best chromosome: 38 2 40 33 11 45 30 6 17 32 19 43 5 29 36 18 16 26 42 27 35 39 15 37 8 0 7 21 14 22 10 13 24 20 12 46 31 23 44 9 25 28 1 3 34 41 47 4 
Best distance: 52836.783877

Execution completed in 18275 ms
