Data loaded in 121 ms
Scores calculated
Starting the GA...
Generation 1 completed in 940 ms
Generation 2 completed in 867 ms
Generation 3 completed in 806 ms
Generation 4 completed in 750 ms
Generation 5 completed in 727 ms
Generation 6 completed in 710 ms
Generation 7 completed in 706 ms
Generation 8 completed in 697 ms
Generation 9 completed in 680 ms
Migrating from Island 63985 to 0
Finished migration
Generation 10 completed in 688 ms
Generation 11 completed in 777 ms
Generation 12 completed in 722 ms
Generation 13 completed in 710 ms
Generation 14 completed in 684 ms
Generation 15 completed in 671 ms
Generation 16 completed in 668 ms
Generation 17 completed in 665 ms
Generation 18 completed in 678 ms
Generation 19 completed in 655 ms
Migrating from Island 63985 to 0
Finished migration
Generation 20 completed in 673 ms
Generation 21 completed in 758 ms
Generation 22 completed in 712 ms
Generation 23 completed in 681 ms
Generation 24 completed in 654 ms
Generation 25 completed in 664 ms
Best chromosome: 28 4 24 13 33 40 39 14 20 22 46 17 29 26 18 36 6 27 35 37 7 15 2 10 12 8 0 21 32 45 43 30 16 42 5 19 11 31 38 47 1 41 25 3 44 34 9 23 
Best distance: 54024.869491

Execution completed in 18333 ms
