Data loaded in 120 ms
Scores calculated
Starting the GA...
Generation 1 completed in 940 ms
Generation 2 completed in 869 ms
Generation 3 completed in 798 ms
Generation 4 completed in 747 ms
Generation 5 completed in 722 ms
Generation 6 completed in 712 ms
Generation 7 completed in 696 ms
Generation 8 completed in 694 ms
Generation 9 completed in 697 ms
Migrating from Island 63985 to 0
Finished migration
Generation 10 completed in 684 ms
Generation 11 completed in 773 ms
Generation 12 completed in 728 ms
Generation 13 completed in 696 ms
Generation 14 completed in 677 ms
Generation 15 completed in 674 ms
Generation 16 completed in 672 ms
Generation 17 completed in 664 ms
Generation 18 completed in 668 ms
Generation 19 completed in 670 ms
Generation 20 completed in 661 ms
Generation 21 completed in 664 ms
Generation 22 completed in 664 ms
Generation 23 completed in 653 ms
Generation 24 completed in 653 ms
Generation 25 completed in 669 ms
Best chromosome: 38 28 33 40 15 8 0 21 7 2 10 46 19 11 14 37 30 17 36 18 6 27 29 42 26 5 16 43 32 22 13 12 47 4 1 25 3 44 34 41 23 9 31 24 20 45 35 39 
Best distance: 54146.904591

Execution completed in 18140 ms
