Data loaded in 957 ms
Scores calculated
Starting the GA...
Generation 1 completed in 7505 ms
Generation 2 completed in 6802 ms
Generation 3 completed in 6271 ms
Generation 4 completed in 6157 ms
Generation 5 completed in 6032 ms
Generation 6 completed in 5874 ms
Generation 7 completed in 5797 ms
Generation 8 completed in 5751 ms
Generation 9 completed in 5675 ms
Migrating from Island 511985 to 0
Finished migration
Generation 10 completed in 5688 ms
Generation 11 completed in 6434 ms
Generation 12 completed in 6028 ms
Generation 13 completed in 5762 ms
Generation 14 completed in 5683 ms
Generation 15 completed in 5595 ms
Generation 16 completed in 5567 ms
Generation 17 completed in 5523 ms
Generation 18 completed in 5510 ms
Generation 19 completed in 5496 ms
Generation 20 completed in 5479 ms
Generation 21 completed in 5471 ms
Generation 22 completed in 5443 ms
Generation 23 completed in 5443 ms
Generation 24 completed in 5432 ms
Generation 25 completed in 5419 ms
Best chromosome: 7 33 13 40 15 21 22 2 10 46 12 24 38 4 28 1 47 23 41 9 25 34 3 44 31 20 11 17 6 26 27 18 42 36 16 5 29 35 43 30 37 0 39 19 14 32 45 8 
Best distance: 51267.600169

Execution completed in 148768 ms
