Data loaded in 63 ms
Scores calculated
Starting the GA...
Generation 1 completed in 486 ms
Generation 2 completed in 433 ms
Generation 3 completed in 402 ms
Generation 4 completed in 388 ms
Generation 5 completed in 367 ms
Generation 6 completed in 358 ms
Generation 7 completed in 363 ms
Generation 8 completed in 350 ms
Generation 9 completed in 355 ms
Generation 10 completed in 347 ms
Generation 11 completed in 352 ms
Generation 12 completed in 344 ms
Generation 13 completed in 343 ms
Generation 14 completed in 344 ms
Generation 15 completed in 350 ms
Generation 16 completed in 336 ms
Generation 17 completed in 338 ms
Generation 18 completed in 348 ms
Generation 19 completed in 335 ms
Migrating from Island 31985 to 0
Finished migration
Generation 20 completed in 344 ms
Generation 21 completed in 398 ms
Generation 22 completed in 368 ms
Generation 23 completed in 352 ms
Generation 24 completed in 344 ms
Generation 25 completed in 337 ms
Generation 26 completed in 333 ms
Generation 27 completed in 331 ms
Generation 28 completed in 335 ms
Generation 29 completed in 328 ms
Migrating from Island 31985 to 0
Finished migration
Generation 30 completed in 332 ms
Generation 31 completed in 382 ms
Generation 32 completed in 360 ms
Generation 33 completed in 342 ms
Generation 34 completed in 333 ms
Generation 35 completed in 337 ms
Generation 36 completed in 327 ms
Generation 37 completed in 333 ms
Generation 38 completed in 330 ms
Generation 39 completed in 326 ms
Generation 40 completed in 332 ms
Generation 41 completed in 328 ms
Generation 42 completed in 326 ms
Generation 43 completed in 329 ms
Generation 44 completed in 327 ms
Generation 45 completed in 326 ms
Generation 46 completed in 330 ms
Generation 47 completed in 326 ms
Generation 48 completed in 324 ms
Generation 49 completed in 333 ms
Migrating from Island 31985 to 0
Finished migration
Generation 50 completed in 324 ms
Best chromosome: 32 20 31 2 39 8 7 14 19 11 46 24 12 22 10 13 38 4 41 47 23 9 44 25 3 34 1 28 40 33 15 21 0 45 43 17 27 5 42 29 16 26 18 36 6 35 30 37 
Best distance: 49387.370229

Execution completed in 17633 ms
