Data loaded in 31 ms
Scores calculated
Starting the GA...
Generation 1 completed in 246 ms
Generation 2 completed in 222 ms
Generation 3 completed in 210 ms
Generation 4 completed in 199 ms
Generation 5 completed in 192 ms
Generation 6 completed in 186 ms
Generation 7 completed in 184 ms
Generation 8 completed in 182 ms
Generation 9 completed in 181 ms
Migrating from Island 16369 to 0
Finished migration
Generation 10 completed in 177 ms
Generation 11 completed in 204 ms
Generation 12 completed in 194 ms
Generation 13 completed in 182 ms
Generation 14 completed in 180 ms
Generation 15 completed in 175 ms
Generation 16 completed in 176 ms
Generation 17 completed in 176 ms
Generation 18 completed in 176 ms
Generation 19 completed in 173 ms
Generation 20 completed in 176 ms
Generation 21 completed in 174 ms
Generation 22 completed in 176 ms
Generation 23 completed in 173 ms
Generation 24 completed in 173 ms
Generation 25 completed in 173 ms
Generation 26 completed in 172 ms
Generation 27 completed in 174 ms
Generation 28 completed in 173 ms
Generation 29 completed in 170 ms
Migrating from Island 16369 to 0
Finished migration
Generation 30 completed in 172 ms
Generation 31 completed in 197 ms
Generation 32 completed in 189 ms
Generation 33 completed in 179 ms
Generation 34 completed in 175 ms
Generation 35 completed in 168 ms
Generation 36 completed in 174 ms
Generation 37 completed in 171 ms
Generation 38 completed in 166 ms
Generation 39 completed in 171 ms
Migrating from Island 16369 to 0
Finished migration
Generation 40 completed in 171 ms
Generation 41 completed in 198 ms
Generation 42 completed in 184 ms
Generation 43 completed in 177 ms
Generation 44 completed in 173 ms
Generation 45 completed in 169 ms
Generation 46 completed in 172 ms
Generation 47 completed in 169 ms
Generation 48 completed in 167 ms
Generation 49 completed in 171 ms
Migrating from Island 16369 to 0
Finished migration
Generation 50 completed in 171 ms
Best chromosome: 14 32 45 8 37 2 40 33 13 22 10 11 19 46 12 38 47 4 41 3 31 24 28 1 25 9 34 44 23 20 21 15 7 0 30 6 17 5 36 18 26 42 16 35 43 27 29 39 
Best distance: 51146.903561

Execution completed in 9153 ms
