Data loaded in 477 ms
Scores calculated
Starting the GA...
Generation 1 completed in 3731 ms
Generation 2 completed in 3403 ms
Generation 3 completed in 3157 ms
Generation 4 completed in 2970 ms
Generation 5 completed in 2867 ms
Generation 6 completed in 2827 ms
Generation 7 completed in 2820 ms
Generation 8 completed in 2894 ms
Generation 9 completed in 2873 ms
Migrating from Island 255985 to 0
Finished migration
Generation 10 completed in 2907 ms
Generation 11 completed in 3235 ms
Generation 12 completed in 3022 ms
Generation 13 completed in 2895 ms
Generation 14 completed in 2862 ms
Generation 15 completed in 2795 ms
Generation 16 completed in 2780 ms
Generation 17 completed in 2775 ms
Generation 18 completed in 2766 ms
Generation 19 completed in 2773 ms
Generation 20 completed in 2741 ms
Generation 21 completed in 2753 ms
Generation 22 completed in 2727 ms
Generation 23 completed in 2729 ms
Generation 24 completed in 2786 ms
Generation 25 completed in 2701 ms
Best chromosome: 23 38 24 12 10 33 40 13 22 2 39 17 30 37 7 0 21 15 8 14 11 46 35 6 43 32 45 19 36 16 42 29 18 5 27 26 20 31 41 28 4 47 1 25 3 44 34 9 
Best distance: 50231.178273

Execution completed in 74270 ms
