Data loaded in 480 ms
Scores calculated
Starting the GA...
Generation 1 completed in 3724 ms
Generation 2 completed in 3392 ms
Generation 3 completed in 3132 ms
Generation 4 completed in 2969 ms
Generation 5 completed in 2860 ms
Generation 6 completed in 2797 ms
Generation 7 completed in 2880 ms
Generation 8 completed in 2901 ms
Generation 9 completed in 2856 ms
Generation 10 completed in 2843 ms
Generation 11 completed in 2861 ms
Generation 12 completed in 2854 ms
Generation 13 completed in 2809 ms
Generation 14 completed in 2791 ms
Generation 15 completed in 2798 ms
Generation 16 completed in 2824 ms
Generation 17 completed in 2778 ms
Generation 18 completed in 2766 ms
Generation 19 completed in 2758 ms
Migrating from Island 255985 to 0
Finished migration
Generation 20 completed in 2799 ms
Generation 21 completed in 3186 ms
Generation 22 completed in 2974 ms
Generation 23 completed in 2839 ms
Generation 24 completed in 2773 ms
Generation 25 completed in 2745 ms
Best chromosome: 9 23 47 4 1 31 20 38 33 13 46 10 22 2 14 45 39 8 43 27 5 36 32 11 30 37 17 29 26 18 16 42 6 35 19 12 24 21 0 7 15 40 28 41 25 3 34 44 
Best distance: 50941.729540

Execution completed in 74401 ms
