Data loaded in 235 ms
Scores calculated
Starting the GA...
Generation 1 completed in 1882 ms
Generation 2 completed in 1702 ms
Generation 3 completed in 1574 ms
Generation 4 completed in 1493 ms
Generation 5 completed in 1438 ms
Generation 6 completed in 1403 ms
Generation 7 completed in 1379 ms
Generation 8 completed in 1382 ms
Generation 9 completed in 1363 ms
Migrating from Island 127985 to 0
Finished migration
Generation 10 completed in 1392 ms
Generation 11 completed in 1552 ms
Generation 12 completed in 1458 ms
Generation 13 completed in 1390 ms
Generation 14 completed in 1399 ms
Generation 15 completed in 1455 ms
Generation 16 completed in 1392 ms
Generation 17 completed in 1402 ms
Generation 18 completed in 1402 ms
Generation 19 completed in 1380 ms
Migrating from Island 127985 to 0
Finished migration
Generation 20 completed in 1423 ms
Generation 21 completed in 1580 ms
Generation 22 completed in 1506 ms
Generation 23 completed in 1413 ms
Generation 24 completed in 1413 ms
Generation 25 completed in 1379 ms
Best chromosome: 43 30 19 46 20 22 21 0 2 10 13 24 4 41 1 3 25 9 34 44 23 28 40 15 7 8 17 6 27 35 18 5 36 42 16 26 45 37 14 32 11 39 33 47 38 31 12 29 
Best distance: 52308.905877

Execution completed in 37304 ms
