Data loaded in 67 ms
Pop_start: 0
Pop_start: 64000
Pop_start: 128000
Pop_start: 192000
Pop_start: 256000
Pop_start: 320000
Pop_start: 384000
Pop_start: 448000
Pop_start: 512000
Pop_start: 576000
Pop_start: 640000
Pop_start: 704000
Pop_start: 768000
Pop_start: 832000
Pop_start: 896000
Pop_start: 960000
Scores calculated
Starting the GA...
Generation 1 completed in 464 ms
Generation 2 completed in 432 ms
Generation 3 completed in 399 ms
Generation 4 completed in 378 ms
Generation 5 completed in 362 ms
Generation 6 completed in 357 ms
Generation 7 completed in 354 ms
Generation 8 completed in 345 ms
Generation 9 completed in 345 ms
Generation 10 completed in 347 ms
Generation 11 completed in 343 ms
Generation 12 completed in 346 ms
Generation 13 completed in 337 ms
Generation 14 completed in 340 ms
Generation 15 completed in 343 ms
Generation 16 completed in 335 ms
Generation 17 completed in 334 ms
Generation 18 completed in 332 ms
Generation 19 completed in 337 ms
Migrating from Island 31985 to 0
Finished migration
Generation 20 completed in 334 ms
Generation 21 completed in 387 ms
Generation 22 completed in 364 ms
Generation 23 completed in 342 ms
Generation 24 completed in 337 ms
Generation 25 completed in 335 ms
Generation 26 completed in 329 ms
Generation 27 completed in 329 ms
Generation 28 completed in 332 ms
Generation 29 completed in 323 ms
Migrating from Island 31985 to 0
Finished migration
Generation 30 completed in 332 ms
Generation 31 completed in 378 ms
Generation 32 completed in 356 ms
Generation 33 completed in 342 ms
Generation 34 completed in 331 ms
Generation 35 completed in 326 ms
Generation 36 completed in 325 ms
Generation 37 completed in 324 ms
Generation 38 completed in 326 ms
Generation 39 completed in 327 ms
Generation 40 completed in 326 ms
Generation 41 completed in 321 ms
Generation 42 completed in 321 ms
Generation 43 completed in 326 ms
Generation 44 completed in 326 ms
Generation 45 completed in 323 ms
Generation 46 completed in 325 ms
Generation 47 completed in 326 ms
Generation 48 completed in 327 ms
Generation 49 completed in 322 ms
Migrating from Island 31985 to 0
Finished migration
Generation 50 completed in 326 ms
Best chromosome: 3 1 41 9 23 47 4 28 40 13 24 38 31 20 46 14 32 19 29 35 17 27 43 30 36 26 42 16 5 18 6 45 8 7 0 37 11 10 39 21 2 22 15 33 12 34 44 25 
Best distance: 49820.639606

Execution completed in 17396 ms
