Data loaded in 32 ms
Scores calculated
Starting the GA...
Generation 1 completed in 247 ms
Generation 2 completed in 222 ms
Generation 3 completed in 207 ms
Generation 4 completed in 199 ms
Generation 5 completed in 189 ms
Generation 6 completed in 183 ms
Generation 7 completed in 183 ms
Generation 8 completed in 180 ms
Generation 9 completed in 179 ms
Migrating from Island 16369 to 0
Finished migration
Generation 10 completed in 180 ms
Generation 11 completed in 205 ms
Generation 12 completed in 192 ms
Generation 13 completed in 186 ms
Generation 14 completed in 179 ms
Generation 15 completed in 178 ms
Generation 16 completed in 176 ms
Generation 17 completed in 175 ms
Generation 18 completed in 175 ms
Generation 19 completed in 177 ms
Migrating from Island 16369 to 0
Finished migration
Generation 20 completed in 173 ms
Generation 21 completed in 200 ms
Generation 22 completed in 187 ms
Generation 23 completed in 176 ms
Generation 24 completed in 175 ms
Generation 25 completed in 174 ms
Generation 26 completed in 173 ms
Generation 27 completed in 170 ms
Generation 28 completed in 172 ms
Generation 29 completed in 169 ms
Migrating from Island 16369 to 0
Finished migration
Generation 30 completed in 172 ms
Generation 31 completed in 195 ms
Generation 32 completed in 182 ms
Generation 33 completed in 179 ms
Generation 34 completed in 172 ms
Generation 35 completed in 170 ms
Generation 36 completed in 171 ms
Generation 37 completed in 170 ms
Generation 38 completed in 167 ms
Generation 39 completed in 170 ms
Migrating from Island 16369 to 0
Finished migration
Generation 40 completed in 168 ms
Generation 41 completed in 191 ms
Generation 42 completed in 183 ms
Generation 43 completed in 172 ms
Generation 44 completed in 173 ms
Generation 45 completed in 171 ms
Generation 46 completed in 166 ms
Generation 47 completed in 166 ms
Generation 48 completed in 168 ms
Generation 49 completed in 168 ms
Generation 50 completed in 165 ms
Best chromosome: 30 32 14 8 0 21 15 40 46 11 43 45 2 33 28 4 47 38 31 20 41 23 9 34 44 25 3 1 24 12 13 22 39 10 19 17 6 29 5 27 26 18 36 16 42 35 7 37 
Best distance: 49933.165376

Execution completed in 9142 ms
