Data loaded in 481 ms
Scores calculated
Starting the GA...
Generation 1 completed in 3720 ms
Generation 2 completed in 3416 ms
Generation 3 completed in 3129 ms
Generation 4 completed in 2964 ms
Generation 5 completed in 2892 ms
Generation 6 completed in 2792 ms
Generation 7 completed in 2759 ms
Generation 8 completed in 2906 ms
Generation 9 completed in 2846 ms
Migrating from Island 255985 to 0
Finished migration
Generation 10 completed in 2926 ms
Generation 11 completed in 3252 ms
Generation 12 completed in 3030 ms
Generation 13 completed in 2940 ms
Generation 14 completed in 2829 ms
Generation 15 completed in 2792 ms
Generation 16 completed in 2781 ms
Generation 17 completed in 2776 ms
Generation 18 completed in 2754 ms
Generation 19 completed in 2792 ms
Generation 20 completed in 2750 ms
Generation 21 completed in 2737 ms
Generation 22 completed in 2744 ms
Generation 23 completed in 2740 ms
Generation 24 completed in 2708 ms
Generation 25 completed in 2735 ms
Best chromosome: 42 6 37 14 11 10 8 7 21 22 46 20 38 31 23 44 34 9 25 41 3 1 28 47 4 12 24 13 40 0 15 33 2 39 43 17 36 5 18 26 16 29 19 35 27 32 30 45 
Best distance: 52097.345046

Execution completed in 74203 ms
