Data loaded in 952 ms
Scores calculated
Starting the GA...
Generation 1 completed in 7418 ms
Generation 2 completed in 6775 ms
Generation 3 completed in 6235 ms
Generation 4 completed in 6298 ms
Generation 5 completed in 6020 ms
Generation 6 completed in 5887 ms
Generation 7 completed in 5789 ms
Generation 8 completed in 5721 ms
Generation 9 completed in 5671 ms
Migrating from Island 511985 to 0
Finished migration
Generation 10 completed in 5741 ms
Generation 11 completed in 6444 ms
Generation 12 completed in 6045 ms
Generation 13 completed in 5827 ms
Generation 14 completed in 5707 ms
Generation 15 completed in 5577 ms
Generation 16 completed in 5540 ms
Generation 17 completed in 5564 ms
Generation 18 completed in 5500 ms
Generation 19 completed in 5481 ms
Migrating from Island 511985 to 0
Finished migration
Generation 20 completed in 5517 ms
Generation 21 completed in 6286 ms
Generation 22 completed in 5895 ms
Generation 23 completed in 5633 ms
Generation 24 completed in 5494 ms
Generation 25 completed in 5489 ms
Best chromosome: 41 38 4 24 13 12 32 10 33 40 2 21 15 7 0 8 45 35 29 26 42 5 36 18 16 6 27 17 39 11 19 43 37 30 14 22 46 20 31 23 28 1 3 34 44 9 25 47 
Best distance: 50643.773994

Execution completed in 150488 ms
