Data loaded in 32 ms
Scores calculated
Starting the GA...
Generation 1 completed in 243 ms
Generation 2 completed in 224 ms
Generation 3 completed in 207 ms
Generation 4 completed in 200 ms
Generation 5 completed in 188 ms
Generation 6 completed in 190 ms
Generation 7 completed in 184 ms
Generation 8 completed in 181 ms
Generation 9 completed in 181 ms
Migrating from Island 16369 to 0
Finished migration
Generation 10 completed in 181 ms
Generation 11 completed in 206 ms
Generation 12 completed in 193 ms
Generation 13 completed in 184 ms
Generation 14 completed in 181 ms
Generation 15 completed in 181 ms
Generation 16 completed in 175 ms
Generation 17 completed in 176 ms
Generation 18 completed in 173 ms
Generation 19 completed in 176 ms
Migrating from Island 16369 to 0
Finished migration
Generation 20 completed in 175 ms
Generation 21 completed in 201 ms
Generation 22 completed in 185 ms
Generation 23 completed in 180 ms
Generation 24 completed in 177 ms
Generation 25 completed in 174 ms
Generation 26 completed in 171 ms
Generation 27 completed in 171 ms
Generation 28 completed in 172 ms
Generation 29 completed in 173 ms
Generation 30 completed in 171 ms
Generation 31 completed in 173 ms
Generation 32 completed in 170 ms
Generation 33 completed in 168 ms
Generation 34 completed in 172 ms
Generation 35 completed in 168 ms
Generation 36 completed in 173 ms
Generation 37 completed in 170 ms
Generation 38 completed in 172 ms
Generation 39 completed in 168 ms
Migrating from Island 16369 to 0
Finished migration
Generation 40 completed in 172 ms
Generation 41 completed in 196 ms
Generation 42 completed in 187 ms
Generation 43 completed in 175 ms
Generation 44 completed in 175 ms
Generation 45 completed in 171 ms
Generation 46 completed in 170 ms
Generation 47 completed in 168 ms
Generation 48 completed in 170 ms
Generation 49 completed in 168 ms
Migrating from Island 16369 to 0
Finished migration
Generation 50 completed in 170 ms
Best chromosome: 13 33 2 39 43 42 16 29 18 36 5 26 30 32 11 19 10 46 20 31 38 12 22 47 28 1 25 3 34 44 9 23 41 4 40 8 0 21 15 37 14 45 35 27 17 6 7 24 
Best distance: 50523.848156

Execution completed in 9154 ms
