Data loaded in 62 ms
Pop_start: 0
Pop_start: 64000
Pop_start: 128000
Pop_start: 192000
Pop_start: 256000
Pop_start: 320000
Pop_start: 384000
Pop_start: 448000
Pop_start: 512000
Pop_start: 576000
Pop_start: 640000
Pop_start: 704000
Pop_start: 768000
Pop_start: 832000
Pop_start: 896000
Pop_start: 960000
Scores calculated
Starting the GA...
Generation 1 completed in 466 ms
Generation 2 completed in 435 ms
Generation 3 completed in 398 ms
Generation 4 completed in 385 ms
Generation 5 completed in 368 ms
Generation 6 completed in 360 ms
Generation 7 completed in 347 ms
Generation 8 completed in 342 ms
Generation 9 completed in 341 ms
Migrating from Island 31985 to 0
Finished migration
Generation 10 completed in 346 ms
Generation 11 completed in 389 ms
Generation 12 completed in 367 ms
Generation 13 completed in 354 ms
Generation 14 completed in 344 ms
Generation 15 completed in 340 ms
Generation 16 completed in 338 ms
Generation 17 completed in 331 ms
Generation 18 completed in 335 ms
Generation 19 completed in 333 ms
Migrating from Island 31985 to 0
Finished migration
Generation 20 completed in 338 ms
Generation 21 completed in 382 ms
Generation 22 completed in 362 ms
Generation 23 completed in 342 ms
Generation 24 completed in 330 ms
Generation 25 completed in 337 ms
Generation 26 completed in 331 ms
Generation 27 completed in 331 ms
Generation 28 completed in 329 ms
Generation 29 completed in 325 ms
Migrating from Island 31985 to 0
Finished migration
Generation 30 completed in 327 ms
Generation 31 completed in 373 ms
Generation 32 completed in 360 ms
Generation 33 completed in 338 ms
Generation 34 completed in 331 ms
Generation 35 completed in 323 ms
Generation 36 completed in 321 ms
Generation 37 completed in 322 ms
Generation 38 completed in 327 ms
Generation 39 completed in 320 ms
Migrating from Island 31985 to 0
Finished migration
Generation 40 completed in 323 ms
Generation 41 completed in 370 ms
Generation 42 completed in 350 ms
Generation 43 completed in 335 ms
Generation 44 completed in 327 ms
Generation 45 completed in 324 ms
Generation 46 completed in 322 ms
Generation 47 completed in 319 ms
Generation 48 completed in 318 ms
Generation 49 completed in 325 ms
Migrating from Island 31985 to 0
Finished migration
Generation 50 completed in 324 ms
Best chromosome: 9 1 41 4 47 38 20 22 13 24 10 11 2 12 46 32 19 14 45 16 18 36 26 42 5 29 39 43 30 27 35 6 17 8 37 7 0 21 15 33 40 28 31 23 44 34 25 3 
Best distance: 49166.235519

Execution completed in 17513 ms
