Data loaded in 122 ms
Scores calculated
Starting the GA...
Generation 1 completed in 930 ms
Generation 2 completed in 858 ms
Generation 3 completed in 792 ms
Generation 4 completed in 752 ms
Generation 5 completed in 719 ms
Generation 6 completed in 705 ms
Generation 7 completed in 695 ms
Generation 8 completed in 690 ms
Generation 9 completed in 694 ms
Generation 10 completed in 694 ms
Generation 11 completed in 681 ms
Generation 12 completed in 669 ms
Generation 13 completed in 680 ms
Generation 14 completed in 684 ms
Generation 15 completed in 673 ms
Generation 16 completed in 668 ms
Generation 17 completed in 670 ms
Generation 18 completed in 665 ms
Generation 19 completed in 667 ms
Generation 20 completed in 660 ms
Generation 21 completed in 666 ms
Generation 22 completed in 669 ms
Generation 23 completed in 659 ms
Generation 24 completed in 654 ms
Generation 25 completed in 671 ms
Best chromosome: 43 35 32 39 21 40 15 7 0 2 10 11 14 30 17 27 29 26 42 18 16 36 5 6 37 8 13 23 44 4 24 12 22 20 31 38 47 9 25 34 3 41 1 28 33 46 19 45 
Best distance: 53471.923898

Execution completed in 17959 ms
