Data loaded in 241 ms
Scores calculated
Starting the GA...
Generation 1 completed in 1882 ms
Generation 2 completed in 1723 ms
Generation 3 completed in 1572 ms
Generation 4 completed in 1478 ms
Generation 5 completed in 1462 ms
Generation 6 completed in 1411 ms
Generation 7 completed in 1378 ms
Generation 8 completed in 1370 ms
Generation 9 completed in 1357 ms
Generation 10 completed in 1365 ms
Generation 11 completed in 1345 ms
Generation 12 completed in 1355 ms
Generation 13 completed in 1335 ms
Generation 14 completed in 1330 ms
Generation 15 completed in 1335 ms
Generation 16 completed in 1331 ms
Generation 17 completed in 1319 ms
Generation 18 completed in 1330 ms
Generation 19 completed in 1319 ms
Migrating from Island 127985 to 0
Finished migration
Generation 20 completed in 1339 ms
Generation 21 completed in 1527 ms
Generation 22 completed in 1410 ms
Generation 23 completed in 1354 ms
Generation 24 completed in 1323 ms
Generation 25 completed in 1309 ms
Best chromosome: 14 0 40 33 24 12 20 38 4 47 9 41 44 23 34 25 3 28 1 13 22 2 21 15 7 8 10 19 32 45 30 5 16 26 18 29 42 36 27 17 6 37 39 35 43 11 46 31 
Best distance: 54209.294012

Execution completed in 36006 ms
