Data loaded in 63 ms
Pop_start: 0
Pop_start: 64000
Pop_start: 128000
Pop_start: 192000
Pop_start: 256000
Pop_start: 320000
Pop_start: 384000
Pop_start: 448000
Pop_start: 512000
Pop_start: 576000
Pop_start: 640000
Pop_start: 704000
Pop_start: 768000
Pop_start: 832000
Pop_start: 896000
Pop_start: 960000
Scores calculated
Starting the GA...
Generation 1 completed in 468 ms
Generation 2 completed in 432 ms
Generation 3 completed in 399 ms
Generation 4 completed in 373 ms
Generation 5 completed in 365 ms
Generation 6 completed in 358 ms
Generation 7 completed in 351 ms
Generation 8 completed in 347 ms
Generation 9 completed in 342 ms
Migrating from Island 31985 to 0
Finished migration
Generation 10 completed in 350 ms
Generation 11 completed in 389 ms
Generation 12 completed in 361 ms
Generation 13 completed in 355 ms
Generation 14 completed in 345 ms
Generation 15 completed in 337 ms
Generation 16 completed in 338 ms
Generation 17 completed in 333 ms
Generation 18 completed in 333 ms
Generation 19 completed in 339 ms
Migrating from Island 31985 to 0
Finished migration
Generation 20 completed in 336 ms
Generation 21 completed in 383 ms
Generation 22 completed in 357 ms
Generation 23 completed in 342 ms
Generation 24 completed in 333 ms
Generation 25 completed in 330 ms
Generation 26 completed in 327 ms
Generation 27 completed in 328 ms
Generation 28 completed in 328 ms
Generation 29 completed in 322 ms
Migrating from Island 31985 to 0
Finished migration
Generation 30 completed in 325 ms
Generation 31 completed in 375 ms
Generation 32 completed in 354 ms
Generation 33 completed in 346 ms
Generation 34 completed in 331 ms
Generation 35 completed in 330 ms
Generation 36 completed in 326 ms
Generation 37 completed in 327 ms
Generation 38 completed in 325 ms
Generation 39 completed in 323 ms
Migrating from Island 31985 to 0
Finished migration
Generation 40 completed in 326 ms
Generation 41 completed in 376 ms
Generation 42 completed in 352 ms
Generation 43 completed in 336 ms
Generation 44 completed in 333 ms
Generation 45 completed in 322 ms
Generation 46 completed in 326 ms
Generation 47 completed in 319 ms
Generation 48 completed in 326 ms
Generation 49 completed in 321 ms
Migrating from Island 31985 to 0
Finished migration
Generation 50 completed in 323 ms
Best chromosome: 32 29 45 14 10 11 46 20 31 23 25 34 44 3 9 41 47 38 4 28 1 24 13 33 40 7 0 8 15 21 2 22 12 39 37 30 43 6 35 26 42 5 18 16 36 27 17 19 
Best distance: 47684.066070

Execution completed in 17541 ms
