Data loaded in 954 ms
Scores calculated
Starting the GA...
Generation 1 completed in 7403 ms
Generation 2 completed in 6814 ms
Generation 3 completed in 6294 ms
Generation 4 completed in 6227 ms
Generation 5 completed in 6004 ms
Generation 6 completed in 5920 ms
Generation 7 completed in 5784 ms
Generation 8 completed in 5714 ms
Generation 9 completed in 5678 ms
Generation 10 completed in 5641 ms
Generation 11 completed in 5627 ms
Generation 12 completed in 5616 ms
Generation 13 completed in 5636 ms
Generation 14 completed in 5574 ms
Generation 15 completed in 5549 ms
Generation 16 completed in 5552 ms
Generation 17 completed in 5604 ms
Generation 18 completed in 5531 ms
Generation 19 completed in 5502 ms
Migrating from Island 511985 to 0
Finished migration
Generation 20 completed in 5541 ms
Generation 21 completed in 6374 ms
Generation 22 completed in 5927 ms
Generation 23 completed in 5648 ms
Generation 24 completed in 5521 ms
Generation 25 completed in 5489 ms
Best chromosome: 46 19 32 45 8 2 22 13 24 38 23 9 34 44 25 3 41 4 1 28 10 42 18 36 5 27 6 26 16 29 35 17 30 43 37 7 21 15 39 0 11 14 20 31 47 40 33 12 
Best distance: 49998.267811

Execution completed in 149110 ms
