Data loaded in 33 ms
Scores calculated
Starting the GA...
Generation 1 completed in 246 ms
Generation 2 completed in 223 ms
Generation 3 completed in 220 ms
Generation 4 completed in 195 ms
Generation 5 completed in 194 ms
Generation 6 completed in 188 ms
Generation 7 completed in 185 ms
Generation 8 completed in 183 ms
Generation 9 completed in 180 ms
Generation 10 completed in 181 ms
Generation 11 completed in 180 ms
Generation 12 completed in 181 ms
Generation 13 completed in 180 ms
Generation 14 completed in 178 ms
Generation 15 completed in 174 ms
Generation 16 completed in 174 ms
Generation 17 completed in 177 ms
Generation 18 completed in 176 ms
Generation 19 completed in 173 ms
Migrating from Island 16369 to 0
Finished migration
Generation 20 completed in 178 ms
Generation 21 completed in 205 ms
Generation 22 completed in 190 ms
Generation 23 completed in 179 ms
Generation 24 completed in 173 ms
Generation 25 completed in 172 ms
Generation 26 completed in 174 ms
Generation 27 completed in 174 ms
Generation 28 completed in 172 ms
Generation 29 completed in 174 ms
Generation 30 completed in 174 ms
Generation 31 completed in 169 ms
Generation 32 completed in 173 ms
Generation 33 completed in 172 ms
Generation 34 completed in 174 ms
Generation 35 completed in 169 ms
Generation 36 completed in 172 ms
Generation 37 completed in 173 ms
Generation 38 completed in 169 ms
Generation 39 completed in 171 ms
Generation 40 completed in 172 ms
Generation 41 completed in 168 ms
Generation 42 completed in 173 ms
Generation 43 completed in 171 ms
Generation 44 completed in 166 ms
Generation 45 completed in 173 ms
Generation 46 completed in 169 ms
Generation 47 completed in 173 ms
Generation 48 completed in 169 ms
Generation 49 completed in 179 ms
Migrating from Island 16369 to 0
Finished migration
Generation 50 completed in 171 ms
Best chromosome: 31 46 19 11 20 12 22 39 14 24 13 40 15 0 8 21 7 37 43 30 17 35 32 45 27 6 29 16 42 26 36 18 5 10 2 33 4 28 47 41 44 9 34 25 3 1 23 38 
Best distance: 50242.994310

Execution completed in 9101 ms
