Data loaded in 00 ms
Pop_start: 0
Pop_start: 64
Pop_start: 128
Pop_start: 192
Pop_start: 256
Pop_start: 320
Pop_start: 384
Pop_start: 448
Pop_start: 512
Pop_start: 576
Pop_start: 640
Pop_start: 704
Pop_start: 768
Pop_start: 832
Pop_start: 896
Pop_start: 960
Scores calculated
Starting the GA...
Generation 1 completed in 00 ms
Generation 2 completed in 00 ms
Generation 3 completed in 00 ms
Generation 4 completed in 00 ms
Generation 5 completed in 00 ms
Generation 6 completed in 00 ms
Generation 7 completed in 00 ms
Generation 8 completed in 00 ms
Generation 9 completed in 00 ms
Migrating from Island 17 to 0
Finished migration
Generation 10 completed in 00 ms
Generation 11 completed in 00 ms
Generation 12 completed in 00 ms
Generation 13 completed in 00 ms
Generation 14 completed in 00 ms
Generation 15 completed in 00 ms
Generation 16 completed in 00 ms
Generation 17 completed in 00 ms
Generation 18 completed in 00 ms
Generation 19 completed in 00 ms
Migrating from Island 17 to 0
Finished migration
Generation 20 completed in 00 ms
Generation 21 completed in 00 ms
Generation 22 completed in 01 ms
Generation 23 completed in 00 ms
Generation 24 completed in 00 ms
Generation 25 completed in 00 ms
Generation 26 completed in 00 ms
Generation 27 completed in 00 ms
Generation 28 completed in 00 ms
Generation 29 completed in 00 ms
Migrating from Island 17 to 0
Finished migration
Generation 30 completed in 00 ms
Generation 31 completed in 00 ms
Generation 32 completed in 00 ms
Generation 33 completed in 00 ms
Generation 34 completed in 00 ms
Generation 35 completed in 00 ms
Generation 36 completed in 00 ms
Generation 37 completed in 00 ms
Generation 38 completed in 00 ms
Generation 39 completed in 00 ms
Generation 40 completed in 00 ms
Generation 41 completed in 00 ms
Generation 42 completed in 00 ms
Generation 43 completed in 00 ms
Generation 44 completed in 00 ms
Generation 45 completed in 00 ms
Generation 46 completed in 00 ms
Generation 47 completed in 00 ms
Generation 48 completed in 00 ms
Generation 49 completed in 00 ms
Migrating from Island 17 to 0
Finished migration
Generation 50 completed in 00 ms
Best chromosome: 4 47 31 46 11 32 8 0 40 28 1 41 25 34 44 9 3 23 38 24 2 21 15 7 39 30 37 19 45 12 13 26 36 29 17 5 42 16 18 6 27 43 35 20 14 10 33 22 
Best distance: 59173.677753

Execution completed in 40 ms
