Data loaded in 241 ms
Scores calculated
Starting the GA...
Generation 1 completed in 1851 ms
Generation 2 completed in 1702 ms
Generation 3 completed in 1580 ms
Generation 4 completed in 1488 ms
Generation 5 completed in 1437 ms
Generation 6 completed in 1404 ms
Generation 7 completed in 1379 ms
Generation 8 completed in 1370 ms
Generation 9 completed in 1366 ms
Migrating from Island 127985 to 0
Finished migration
Generation 10 completed in 1366 ms
Generation 11 completed in 1546 ms
Generation 12 completed in 1455 ms
Generation 13 completed in 1391 ms
Generation 14 completed in 1393 ms
Generation 15 completed in 1412 ms
Generation 16 completed in 1411 ms
Generation 17 completed in 1391 ms
Generation 18 completed in 1397 ms
Generation 19 completed in 1394 ms
Generation 20 completed in 1386 ms
Generation 21 completed in 1374 ms
Generation 22 completed in 1374 ms
Generation 23 completed in 1396 ms
Generation 24 completed in 1385 ms
Generation 25 completed in 1355 ms
Best chromosome: 8 45 30 14 22 2 40 15 21 33 28 4 38 31 12 19 32 43 35 27 29 18 5 26 42 16 36 6 17 37 0 7 46 20 23 9 34 44 1 41 47 25 3 13 24 10 11 39 
Best distance: 52764.408788

Execution completed in 36764 ms
