Data loaded in 68 ms
Scores calculated
Starting the GA...
Generation 1 completed in 474 ms
Generation 2 completed in 439 ms
Generation 3 completed in 400 ms
Generation 4 completed in 378 ms
Generation 5 completed in 372 ms
Generation 6 completed in 364 ms
Generation 7 completed in 360 ms
Generation 8 completed in 353 ms
Generation 9 completed in 346 ms
Migrating from Island 31985 to 0
Finished migration
Generation 10 completed in 352 ms
Generation 11 completed in 402 ms
Generation 12 completed in 365 ms
Generation 13 completed in 362 ms
Generation 14 completed in 343 ms
Generation 15 completed in 351 ms
Generation 16 completed in 343 ms
Generation 17 completed in 334 ms
Generation 18 completed in 343 ms
Generation 19 completed in 336 ms
Migrating from Island 31985 to 0
Finished migration
Generation 20 completed in 337 ms
Generation 21 completed in 390 ms
Generation 22 completed in 362 ms
Generation 23 completed in 352 ms
Generation 24 completed in 336 ms
Generation 25 completed in 331 ms
Generation 26 completed in 337 ms
Generation 27 completed in 331 ms
Generation 28 completed in 328 ms
Generation 29 completed in 330 ms
Migrating from Island 31985 to 0
Finished migration
Generation 30 completed in 331 ms
Generation 31 completed in 380 ms
Generation 32 completed in 358 ms
Generation 33 completed in 342 ms
Generation 34 completed in 333 ms
Generation 35 completed in 334 ms
Generation 36 completed in 330 ms
Generation 37 completed in 326 ms
Generation 38 completed in 324 ms
Generation 39 completed in 335 ms
Generation 40 completed in 327 ms
Generation 41 completed in 329 ms
Generation 42 completed in 329 ms
Generation 43 completed in 322 ms
Generation 44 completed in 324 ms
Generation 45 completed in 324 ms
Generation 46 completed in 326 ms
Generation 47 completed in 325 ms
Generation 48 completed in 323 ms
Generation 49 completed in 327 ms
Migrating from Island 31985 to 0
Finished migration
Generation 50 completed in 326 ms
Best chromosome: 41 28 4 47 38 31 12 13 2 22 10 14 32 45 30 39 21 37 8 7 0 19 36 16 26 42 5 18 27 6 17 43 35 29 11 46 20 24 40 15 33 1 25 3 34 44 9 23 
Best distance: 47017.111927

Execution completed in 17659 ms
